#
# There is insufficient memory for the Java Runtime Environment to continue.
# Native memory allocation (malloc) failed to allocate 1067856 bytes for Chunk::new
# Possible reasons:
#   The system is out of physical RAM or swap space
#   The process is running with CompressedOops enabled, and the Java Heap may be blocking the growth of the native heap
# Possible solutions:
#   Reduce memory load on the system
#   Increase physical memory or swap space
#   Check if swap backing store is full
#   Decrease Java heap size (-Xmx/-Xms)
#   Decrease number of Java threads
#   Decrease Java thread stack sizes (-Xss)
#   Set larger code cache with -XX:ReservedCodeCacheSize=
#   JVM is running with Unscaled Compressed Oops mode in which the Java heap is
#     placed in the first 4GB address space. The Java Heap base address is the
#     maximum limit for the native heap growth. Please use -XX:HeapBaseMinAddress
#     to set the Java Heap base and to place the Java Heap above 4GB virtual address.
# This output file may be truncated or incomplete.
#
#  Out of Memory Error (t:/workspace/open/src/hotspot/share/memory/arena.cpp:197), pid=4700, tid=2708
#
# JRE version: Java(TM) SE Runtime Environment (11.0.6+8) (build 11.0.6+8-LTS)
# Java VM: Java HotSpot(TM) 64-Bit Server VM (11.0.6+8-LTS, mixed mode, tiered, compressed oops, g1 gc, windows-amd64)
# No core dump will be written. Minidumps are not enabled by default on client versions of Windows
#

---------------  S U M M A R Y ------------

Command Line: --add-opens=java.base/java.util=ALL-UNNAMED --add-opens=java.base/java.lang=ALL-UNNAMED --add-opens=java.base/java.lang.invoke=ALL-UNNAMED --add-opens=java.prefs/java.util.prefs=ALL-UNNAMED -Xmx1536m -Dfile.encoding=windows-1251 -Duser.country=RU -Duser.language=ru -Duser.variant org.gradle.launcher.daemon.bootstrap.GradleDaemon 6.1-rc-1

Host: Intel(R) Core(TM) i3-4005U CPU @ 1.70GHz, 4 cores, 3G,  Windows 10 , 64 bit Build 10586 (10.0.10586.0)
Time: Fri Apr 24 11:44:30 2020 Ea?onaeeineia a?aiy (eaoi) elapsed time: 235 seconds (0d 0h 3m 55s)

---------------  T H R E A D  ---------------

Current thread (0x000002f4e0454800):  JavaThread "C2 CompilerThread0" daemon [_thread_in_native, id=2708, stack(0x000000fd2b800000,0x000000fd2b900000)]


Current CompileTask:
C2: 235252 6484       4       java.beans.Introspector::addMethod (196 bytes)

Stack: [0x000000fd2b800000,0x000000fd2b900000]
Native frames: (J=compiled Java code, j=interpreted, Vv=VM code, C=native code)
V  [jvm.dll+0x63679a]
V  [jvm.dll+0x7755bf]
V  [jvm.dll+0x776c65]
V  [jvm.dll+0x7772d3]
V  [jvm.dll+0x25e7f8]
V  [jvm.dll+0xc1c01]
V  [jvm.dll+0xc219c]
V  [jvm.dll+0x2cf424]
V  [jvm.dll+0x552d3f]
V  [jvm.dll+0x21a49f]
V  [jvm.dll+0x2173d6]
V  [jvm.dll+0x193a2c]
V  [jvm.dll+0x226544]
V  [jvm.dll+0x224b28]
V  [jvm.dll+0x73a9c5]
V  [jvm.dll+0x733905]
V  [jvm.dll+0x635846]
C  [ucrtbase.dll+0x6be1d]
C  [KERNEL32.DLL+0x18102]
C  [ntdll.dll+0x5c264]


---------------  P R O C E S S  ---------------

Threads class SMR info:
_java_thread_list=0x000002f4e4625510, length=33, elements={
0x000002f4c238d800, 0x000002f4e03f3800, 0x000002f4e03ff800, 0x000002f4e044f800,
0x000002f4e0450800, 0x000002f4e0454800, 0x000002f4e045a000, 0x000002f4e045b000,
0x000002f4e06a5800, 0x000002f4e06e2000, 0x000002f4e1dc8000, 0x000002f4e14d0800,
0x000002f4e1bd8000, 0x000002f4e1b77800, 0x000002f4e1b78800, 0x000002f4e1b88000,
0x000002f4e1b7a000, 0x000002f4e25de000, 0x000002f4e13cd800, 0x000002f4e2051000,
0x000002f4e204f000, 0x000002f4e2050000, 0x000002f4e2051800, 0x000002f4e204c000,
0x000002f4e204d000, 0x000002f4e2052800, 0x000002f4e204d800, 0x000002f4e2296800,
0x000002f4e2299000, 0x000002f4e2298000, 0x000002f4e2297800, 0x000002f4e2293800,
0x000002f4e229a000
}

Java Threads: ( => current thread )
  0x000002f4c238d800 JavaThread "main" [_thread_blocked, id=5104, stack(0x000000fd2ad00000,0x000000fd2ae00000)]
  0x000002f4e03f3800 JavaThread "Reference Handler" daemon [_thread_blocked, id=3196, stack(0x000000fd2b400000,0x000000fd2b500000)]
  0x000002f4e03ff800 JavaThread "Finalizer" daemon [_thread_blocked, id=2968, stack(0x000000fd2b500000,0x000000fd2b600000)]
  0x000002f4e044f800 JavaThread "Signal Dispatcher" daemon [_thread_blocked, id=5012, stack(0x000000fd2b600000,0x000000fd2b700000)]
  0x000002f4e0450800 JavaThread "Attach Listener" daemon [_thread_blocked, id=5008, stack(0x000000fd2b700000,0x000000fd2b800000)]
=>0x000002f4e0454800 JavaThread "C2 CompilerThread0" daemon [_thread_in_native, id=2708, stack(0x000000fd2b800000,0x000000fd2b900000)]
  0x000002f4e045a000 JavaThread "C1 CompilerThread0" daemon [_thread_blocked, id=668, stack(0x000000fd2b900000,0x000000fd2ba00000)]
  0x000002f4e045b000 JavaThread "Sweeper thread" daemon [_thread_blocked, id=1372, stack(0x000000fd2ba00000,0x000000fd2bb00000)]
  0x000002f4e06a5800 JavaThread "Common-Cleaner" daemon [_thread_blocked, id=3000, stack(0x000000fd2bb00000,0x000000fd2bc00000)]
  0x000002f4e06e2000 JavaThread "Service Thread" daemon [_thread_blocked, id=3720, stack(0x000000fd2bc00000,0x000000fd2bd00000)]
  0x000002f4e1dc8000 JavaThread "Daemon health stats" [_thread_blocked, id=4004, stack(0x000000fd2c200000,0x000000fd2c300000)]
  0x000002f4e14d0800 JavaThread "Incoming local TCP Connector on port 50548" [_thread_in_native, id=4656, stack(0x000000fd2c300000,0x000000fd2c400000)]
  0x000002f4e1bd8000 JavaThread "Daemon periodic checks" [_thread_blocked, id=4164, stack(0x000000fd2c600000,0x000000fd2c700000)]
  0x000002f4e1b77800 JavaThread "Daemon" [_thread_blocked, id=2176, stack(0x000000fd2c700000,0x000000fd2c800000)]
  0x000002f4e1b78800 JavaThread "Handler for socket connection from /127.0.0.1:50548 to /127.0.0.1:50549" [_thread_in_native, id=868, stack(0x000000fd2c800000,0x000000fd2c900000)]
  0x000002f4e1b88000 JavaThread "Cancel handler" [_thread_blocked, id=2704, stack(0x000000fd2c900000,0x000000fd2ca00000)]
  0x000002f4e1b7a000 JavaThread "Daemon worker" [_thread_in_vm, id=1096, stack(0x000000fd2ca00000,0x000000fd2cb00000)]
  0x000002f4e25de000 JavaThread "Asynchronous log dispatcher for DefaultDaemonConnection: socket connection from /127.0.0.1:50548 to /127.0.0.1:50549" [_thread_blocked, id=2120, stack(0x000000fd2cb00000,0x000000fd2cc00000)]
  0x000002f4e13cd800 JavaThread "Thread-8" [_thread_blocked, id=4572, stack(0x000000fd2cd00000,0x000000fd2ce00000)]
  0x000002f4e2051000 JavaThread "Cache worker for journal cache (C:\Users\Liberman Anton\.gradle\caches\journal-1)" [_thread_blocked, id=4860, stack(0x000000fd2ce00000,0x000000fd2cf00000)]
  0x000002f4e204f000 JavaThread "File lock request listener" [_thread_in_native, id=632, stack(0x000000fd2cf00000,0x000000fd2d000000)]
  0x000002f4e2050000 JavaThread "Cache worker for file hash cache (C:\Users\Liberman Anton\.gradle\caches\6.1-rc-1\fileHashes)" [_thread_blocked, id=1164, stack(0x000000fd2d000000,0x000000fd2d100000)]
  0x000002f4e2051800 JavaThread "Cache worker for checksums cache (C:\Users\Liberman Anton\AndroidStudioProjects\rmach\.gradle\checksums)" [_thread_blocked, id=3348, stack(0x000000fd2d200000,0x000000fd2d300000)]
  0x000002f4e204c000 JavaThread "Cache worker for file hash cache (C:\Users\Liberman Anton\AndroidStudioProjects\rmach\.gradle\6.1-rc-1\fileHashes)" [_thread_blocked, id=4744, stack(0x000000fd2d300000,0x000000fd2d400000)]
  0x000002f4e204d000 JavaThread "Cache worker for cache directory md-supplier (C:\Users\Liberman Anton\.gradle\caches\6.1-rc-1\md-supplier)" [_thread_blocked, id=216, stack(0x000000fd2d500000,0x000000fd2d600000)]
  0x000002f4e2052800 JavaThread "Cache worker for cache directory md-rule (C:\Users\Liberman Anton\.gradle\caches\6.1-rc-1\md-rule)" [_thread_blocked, id=2768, stack(0x000000fd2d600000,0x000000fd2d700000)]
  0x000002f4e204d800 JavaThread "Cache worker for execution history cache (C:\Users\Liberman Anton\.gradle\caches\6.1-rc-1\executionHistory)" [_thread_blocked, id=2140, stack(0x000000fd2d700000,0x000000fd2d800000)]
  0x000002f4e2296800 JavaThread "Build operations" [_thread_blocked, id=3848, stack(0x000000fd2db00000,0x000000fd2dc00000)]
  0x000002f4e2299000 JavaThread "Build operations Thread 2" [_thread_blocked, id=1320, stack(0x000000fd2dc00000,0x000000fd2dd00000)]
  0x000002f4e2298000 JavaThread "Build operations Thread 3" [_thread_blocked, id=3772, stack(0x000000fd2dd00000,0x000000fd2de00000)]
  0x000002f4e2297800 JavaThread "Build operations Thread 4" [_thread_blocked, id=4952, stack(0x000000fd2de00000,0x000000fd2df00000)]
  0x000002f4e2293800 JavaThread "File lock release action executor Thread 2" [_thread_blocked, id=3428, stack(0x000000fd2e500000,0x000000fd2e600000)]
  0x000002f4e229a000 JavaThread "Cache worker for Build Output Cleanup Cache (C:\Users\Liberman Anton\AndroidStudioProjects\rmach\.gradle\buildOutputCleanup)" [_thread_blocked, id=4672, stack(0x000000fd2e800000,0x000000fd2e900000)]

Other Threads:
  0x000002f4e03ec000 VMThread "VM Thread" [stack: 0x000000fd2b300000,0x000000fd2b400000] [id=2056]
  0x000002f4e06e4800 WatcherThread [stack: 0x000000fd2bd00000,0x000000fd2be00000] [id=2800]
  0x000002f4c23a2000 GCTaskThread "GC Thread#0" [stack: 0x000000fd2ae00000,0x000000fd2af00000] [id=856]
  0x000002f4e08b4800 GCTaskThread "GC Thread#1" [stack: 0x000000fd2c000000,0x000000fd2c100000] [id=4308]
  0x000002f4e110a000 GCTaskThread "GC Thread#2" [stack: 0x000000fd2c400000,0x000000fd2c500000] [id=3928]
  0x000002f4e258d800 GCTaskThread "GC Thread#3" [stack: 0x000000fd2c500000,0x000000fd2c600000] [id=336]
  0x000002f4c23c2000 ConcurrentGCThread "G1 Main Marker" [stack: 0x000000fd2af00000,0x000000fd2b000000] [id=2080]
  0x000002f4c23c4800 ConcurrentGCThread "G1 Conc#0" [stack: 0x000000fd2b000000,0x000000fd2b100000] [id=1764]
  0x000002f4c2422000 ConcurrentGCThread "G1 Refine#0" [stack: 0x000000fd2b100000,0x000000fd2b200000] [id=4828]
  0x000002f4c2423000 ConcurrentGCThread "G1 Young RemSet Sampling" [stack: 0x000000fd2b200000,0x000000fd2b300000] [id=3496]

Threads with active compile tasks:
C2 CompilerThread06484       4       java.beans.Introspector::addMethod (196 bytes)

VM state:not at safepoint (normal execution)

VM Mutex/Monitor currently owned by a thread: None

Heap address: 0x00000000a0000000, size: 1536 MB, Compressed Oops mode: 32-bit
Narrow klass base: 0x0000000000000000, Narrow klass shift: 3
Compressed class space size: 1073741824 Address: 0x0000000100000000

Heap:
 garbage-first heap   total 95232K, used 70296K [0x00000000a0000000, 0x0000000100000000)
  region size 1024K, 11 young (11264K), 2 survivors (2048K)
 Metaspace       used 67643K, capacity 69304K, committed 69552K, reserved 1110016K
  class space    used 8582K, capacity 9119K, committed 9216K, reserved 1048576K
Heap Regions: E=young(eden), S=young(survivor), O=old, HS=humongous(starts), HC=humongous(continues), CS=collection set, F=free, A=archive, TAMS=top-at-mark-start (previous, next)
|   0|0x00000000a0000000, 0x00000000a0100000, 0x00000000a0100000|100%| O|  |TAMS 0x00000000a0100000, 0x00000000a0000000| Untracked 
|   1|0x00000000a0100000, 0x00000000a0200000, 0x00000000a0200000|100%| O|  |TAMS 0x00000000a0200000, 0x00000000a0100000| Untracked 
|   2|0x00000000a0200000, 0x00000000a0300000, 0x00000000a0300000|100%| O|  |TAMS 0x00000000a0300000, 0x00000000a0200000| Untracked 
|   3|0x00000000a0300000, 0x00000000a0400000, 0x00000000a0400000|100%|HS|  |TAMS 0x00000000a0400000, 0x00000000a0300000| Complete 
|   4|0x00000000a0400000, 0x00000000a0500000, 0x00000000a0500000|100%|HC|  |TAMS 0x00000000a0500000, 0x00000000a0400000| Complete 
|   5|0x00000000a0500000, 0x00000000a0600000, 0x00000000a0600000|100%|HC|  |TAMS 0x00000000a0600000, 0x00000000a0500000| Complete 
|   6|0x00000000a0600000, 0x00000000a0700000, 0x00000000a0700000|100%| O|  |TAMS 0x00000000a0700000, 0x00000000a0600000| Untracked 
|   7|0x00000000a0700000, 0x00000000a0800000, 0x00000000a0800000|100%| O|  |TAMS 0x00000000a0800000, 0x00000000a0700000| Untracked 
|   8|0x00000000a0800000, 0x00000000a0900000, 0x00000000a0900000|100%| O|  |TAMS 0x00000000a0900000, 0x00000000a0800000| Untracked 
|   9|0x00000000a0900000, 0x00000000a0a00000, 0x00000000a0a00000|100%| O|  |TAMS 0x00000000a0a00000, 0x00000000a0900000| Untracked 
|  10|0x00000000a0a00000, 0x00000000a0b00000, 0x00000000a0b00000|100%| O|  |TAMS 0x00000000a0b00000, 0x00000000a0a00000| Untracked 
|  11|0x00000000a0b00000, 0x00000000a0c00000, 0x00000000a0c00000|100%| O|  |TAMS 0x00000000a0c00000, 0x00000000a0b00000| Untracked 
|  12|0x00000000a0c00000, 0x00000000a0d00000, 0x00000000a0d00000|100%| O|  |TAMS 0x00000000a0d00000, 0x00000000a0c00000| Untracked 
|  13|0x00000000a0d00000, 0x00000000a0e00000, 0x00000000a0e00000|100%| O|  |TAMS 0x00000000a0e00000, 0x00000000a0d00000| Untracked 
|  14|0x00000000a0e00000, 0x00000000a0f00000, 0x00000000a0f00000|100%| O|  |TAMS 0x00000000a0f00000, 0x00000000a0e00000| Untracked 
|  15|0x00000000a0f00000, 0x00000000a1000000, 0x00000000a1000000|100%|HS|  |TAMS 0x00000000a1000000, 0x00000000a0f00000| Complete 
|  16|0x00000000a1000000, 0x00000000a1100000, 0x00000000a1100000|100%|HC|  |TAMS 0x00000000a1100000, 0x00000000a1000000| Complete 
|  17|0x00000000a1100000, 0x00000000a1200000, 0x00000000a1200000|100%|HS|  |TAMS 0x00000000a1200000, 0x00000000a1100000| Complete 
|  18|0x00000000a1200000, 0x00000000a1300000, 0x00000000a1300000|100%|HC|  |TAMS 0x00000000a1300000, 0x00000000a1200000| Complete 
|  19|0x00000000a1300000, 0x00000000a1400000, 0x00000000a1400000|100%|HC|  |TAMS 0x00000000a1400000, 0x00000000a1300000| Complete 
|  20|0x00000000a1400000, 0x00000000a1500000, 0x00000000a1500000|100%|HS|  |TAMS 0x00000000a1500000, 0x00000000a1400000| Complete 
|  21|0x00000000a1500000, 0x00000000a1600000, 0x00000000a1600000|100%|HC|  |TAMS 0x00000000a1600000, 0x00000000a1500000| Complete 
|  22|0x00000000a1600000, 0x00000000a1700000, 0x00000000a1700000|100%|HS|  |TAMS 0x00000000a1700000, 0x00000000a1600000| Complete 
|  23|0x00000000a1700000, 0x00000000a1800000, 0x00000000a1800000|100%|HC|  |TAMS 0x00000000a1800000, 0x00000000a1700000| Complete 
|  24|0x00000000a1800000, 0x00000000a1900000, 0x00000000a1900000|100%|HC|  |TAMS 0x00000000a1900000, 0x00000000a1800000| Complete 
|  25|0x00000000a1900000, 0x00000000a1a00000, 0x00000000a1a00000|100%|HC|  |TAMS 0x00000000a1a00000, 0x00000000a1900000| Complete 
|  26|0x00000000a1a00000, 0x00000000a1b00000, 0x00000000a1b00000|100%| O|  |TAMS 0x00000000a1b00000, 0x00000000a1a00000| Untracked 
|  27|0x00000000a1b00000, 0x00000000a1c00000, 0x00000000a1c00000|100%| O|  |TAMS 0x00000000a1c00000, 0x00000000a1b00000| Untracked 
|  28|0x00000000a1c00000, 0x00000000a1d00000, 0x00000000a1d00000|100%| O|  |TAMS 0x00000000a1d00000, 0x00000000a1c00000| Untracked 
|  29|0x00000000a1d00000, 0x00000000a1e00000, 0x00000000a1e00000|100%| O|  |TAMS 0x00000000a1e00000, 0x00000000a1d00000| Untracked 
|  30|0x00000000a1e00000, 0x00000000a1f00000, 0x00000000a1f00000|100%| O|  |TAMS 0x00000000a1f00000, 0x00000000a1e00000| Untracked 
|  31|0x00000000a1f00000, 0x00000000a2000000, 0x00000000a2000000|100%| O|  |TAMS 0x00000000a2000000, 0x00000000a1f00000| Untracked 
|  32|0x00000000a2000000, 0x00000000a2100000, 0x00000000a2100000|100%| O|  |TAMS 0x00000000a2100000, 0x00000000a2000000| Untracked 
|  33|0x00000000a2100000, 0x00000000a2200000, 0x00000000a2200000|100%| O|  |TAMS 0x00000000a2200000, 0x00000000a2100000| Untracked 
|  34|0x00000000a2200000, 0x00000000a2300000, 0x00000000a2300000|100%| O|  |TAMS 0x00000000a2300000, 0x00000000a2200000| Untracked 
|  35|0x00000000a2300000, 0x00000000a2400000, 0x00000000a2400000|100%| O|  |TAMS 0x00000000a2400000, 0x00000000a2300000| Untracked 
|  36|0x00000000a2400000, 0x00000000a2500000, 0x00000000a2500000|100%| O|  |TAMS 0x00000000a2500000, 0x00000000a2400000| Untracked 
|  37|0x00000000a2500000, 0x00000000a2600000, 0x00000000a2600000|100%| O|  |TAMS 0x00000000a2600000, 0x00000000a2500000| Untracked 
|  38|0x00000000a2600000, 0x00000000a2700000, 0x00000000a2700000|100%| O|  |TAMS 0x00000000a2700000, 0x00000000a2600000| Untracked 
|  39|0x00000000a2700000, 0x00000000a2800000, 0x00000000a2800000|100%| O|  |TAMS 0x00000000a2800000, 0x00000000a2700000| Untracked 
|  40|0x00000000a2800000, 0x00000000a2900000, 0x00000000a2900000|100%| O|  |TAMS 0x00000000a2900000, 0x00000000a2800000| Untracked 
|  41|0x00000000a2900000, 0x00000000a2a00000, 0x00000000a2a00000|100%| O|  |TAMS 0x00000000a2a00000, 0x00000000a2900000| Untracked 
|  42|0x00000000a2a00000, 0x00000000a2b00000, 0x00000000a2b00000|100%| O|  |TAMS 0x00000000a2b00000, 0x00000000a2a00000| Untracked 
|  43|0x00000000a2b00000, 0x00000000a2c00000, 0x00000000a2c00000|100%| O|  |TAMS 0x00000000a2c00000, 0x00000000a2b00000| Untracked 
|  44|0x00000000a2c00000, 0x00000000a2d00000, 0x00000000a2d00000|100%| O|  |TAMS 0x00000000a2d00000, 0x00000000a2c00000| Untracked 
|  45|0x00000000a2d00000, 0x00000000a2e00000, 0x00000000a2e00000|100%| O|  |TAMS 0x00000000a2e00000, 0x00000000a2d00000| Untracked 
|  46|0x00000000a2e00000, 0x00000000a2f00000, 0x00000000a2f00000|100%| O|  |TAMS 0x00000000a2f00000, 0x00000000a2e00000| Untracked 
|  47|0x00000000a2f00000, 0x00000000a3000000, 0x00000000a3000000|100%|HS|  |TAMS 0x00000000a3000000, 0x00000000a2f00000| Complete 
|  48|0x00000000a3000000, 0x00000000a3100000, 0x00000000a3100000|100%|HC|  |TAMS 0x00000000a3100000, 0x00000000a3000000| Complete 
|  49|0x00000000a3100000, 0x00000000a3200000, 0x00000000a3200000|100%| O|  |TAMS 0x00000000a3200000, 0x00000000a3100000| Untracked 
|  50|0x00000000a3200000, 0x00000000a3300000, 0x00000000a3300000|100%| O|  |TAMS 0x00000000a3300000, 0x00000000a3200000| Untracked 
|  51|0x00000000a3300000, 0x00000000a3400000, 0x00000000a3400000|100%| O|  |TAMS 0x00000000a3400000, 0x00000000a3300000| Untracked 
|  52|0x00000000a3400000, 0x00000000a3500000, 0x00000000a3500000|100%| O|  |TAMS 0x00000000a3500000, 0x00000000a3400000| Untracked 
|  53|0x00000000a3500000, 0x00000000a3600000, 0x00000000a3600000|100%| O|  |TAMS 0x00000000a3600000, 0x00000000a3500000| Untracked 
|  54|0x00000000a3600000, 0x00000000a3700000, 0x00000000a3700000|100%| O|  |TAMS 0x00000000a3700000, 0x00000000a3600000| Untracked 
|  55|0x00000000a3700000, 0x00000000a3800000, 0x00000000a3800000|100%| O|  |TAMS 0x00000000a3800000, 0x00000000a3700000| Untracked 
|  56|0x00000000a3800000, 0x00000000a3900000, 0x00000000a3900000|100%| O|  |TAMS 0x00000000a38d4e00, 0x00000000a3800000| Untracked 
|  57|0x00000000a3900000, 0x00000000a3a00000, 0x00000000a3a00000|100%| O|  |TAMS 0x00000000a3a00000, 0x00000000a3900000| Untracked 
|  58|0x00000000a3a00000, 0x00000000a3b00000, 0x00000000a3b00000|100%| O|  |TAMS 0x00000000a3a00000, 0x00000000a3a00000| Untracked 
|  59|0x00000000a3b00000, 0x00000000a3b5da00, 0x00000000a3c00000| 36%| O|  |TAMS 0x00000000a3b00000, 0x00000000a3b00000| Untracked 
|  60|0x00000000a3c00000, 0x00000000a3c00000, 0x00000000a3d00000|  0%| F|  |TAMS 0x00000000a3c00000, 0x00000000a3c00000| Untracked 
|  61|0x00000000a3d00000, 0x00000000a3d00000, 0x00000000a3e00000|  0%| F|  |TAMS 0x00000000a3d00000, 0x00000000a3d00000| Untracked 
|  62|0x00000000a3e00000, 0x00000000a3e00000, 0x00000000a3f00000|  0%| F|  |TAMS 0x00000000a3e00000, 0x00000000a3e00000| Untracked 
|  63|0x00000000a3f00000, 0x00000000a3f00000, 0x00000000a4000000|  0%| F|  |TAMS 0x00000000a3f00000, 0x00000000a3f00000| Untracked 
|  64|0x00000000a4000000, 0x00000000a4000000, 0x00000000a4100000|  0%| F|  |TAMS 0x00000000a4000000, 0x00000000a4000000| Untracked 
|  65|0x00000000a4100000, 0x00000000a4100000, 0x00000000a4200000|  0%| F|  |TAMS 0x00000000a4100000, 0x00000000a4100000| Untracked 
|  66|0x00000000a4200000, 0x00000000a4200000, 0x00000000a4300000|  0%| F|  |TAMS 0x00000000a4200000, 0x00000000a4200000| Untracked 
|  67|0x00000000a4300000, 0x00000000a4300000, 0x00000000a4400000|  0%| F|  |TAMS 0x00000000a4300000, 0x00000000a4300000| Untracked 
|  68|0x00000000a4400000, 0x00000000a4400000, 0x00000000a4500000|  0%| F|  |TAMS 0x00000000a4400000, 0x00000000a4400000| Untracked 
|  69|0x00000000a4500000, 0x00000000a4500000, 0x00000000a4600000|  0%| F|  |TAMS 0x00000000a4500000, 0x00000000a4500000| Untracked 
|  70|0x00000000a4600000, 0x00000000a4600000, 0x00000000a4700000|  0%| F|  |TAMS 0x00000000a4600000, 0x00000000a4600000| Untracked 
|  71|0x00000000a4700000, 0x00000000a4700000, 0x00000000a4800000|  0%| F|  |TAMS 0x00000000a4700000, 0x00000000a4700000| Untracked 
|  72|0x00000000a4800000, 0x00000000a4800000, 0x00000000a4900000|  0%| F|  |TAMS 0x00000000a4800000, 0x00000000a4800000| Untracked 
|  73|0x00000000a4900000, 0x00000000a4900000, 0x00000000a4a00000|  0%| F|  |TAMS 0x00000000a4900000, 0x00000000a4900000| Untracked 
|  74|0x00000000a4a00000, 0x00000000a4a00000, 0x00000000a4b00000|  0%| F|  |TAMS 0x00000000a4a00000, 0x00000000a4a00000| Untracked 
|  75|0x00000000a4b00000, 0x00000000a4b00000, 0x00000000a4c00000|  0%| F|  |TAMS 0x00000000a4b00000, 0x00000000a4b00000| Untracked 
|  76|0x00000000a4c00000, 0x00000000a4c48680, 0x00000000a4d00000| 28%| S|CS|TAMS 0x00000000a4c00000, 0x00000000a4c00000| Complete 
|  77|0x00000000a4d00000, 0x00000000a4e00000, 0x00000000a4e00000|100%| S|CS|TAMS 0x00000000a4d00000, 0x00000000a4d00000| Complete 
|  78|0x00000000a4e00000, 0x00000000a4e00000, 0x00000000a4f00000|  0%| F|  |TAMS 0x00000000a4e00000, 0x00000000a4e00000| Untracked 
|  79|0x00000000a4f00000, 0x00000000a4f00000, 0x00000000a5000000|  0%| F|  |TAMS 0x00000000a4f00000, 0x00000000a4f00000| Untracked 
|  80|0x00000000a5000000, 0x00000000a5000000, 0x00000000a5100000|  0%| F|  |TAMS 0x00000000a5000000, 0x00000000a5000000| Untracked 
|  81|0x00000000a5100000, 0x00000000a5100000, 0x00000000a5200000|  0%| F|  |TAMS 0x00000000a5100000, 0x00000000a5100000| Untracked 
|  82|0x00000000a5200000, 0x00000000a5200000, 0x00000000a5300000|  0%| F|  |TAMS 0x00000000a5200000, 0x00000000a5200000| Untracked 
|  83|0x00000000a5300000, 0x00000000a5300000, 0x00000000a5400000|  0%| F|  |TAMS 0x00000000a5300000, 0x00000000a5300000| Untracked 
|  84|0x00000000a5400000, 0x00000000a5486068, 0x00000000a5500000| 52%| E|  |TAMS 0x00000000a5400000, 0x00000000a5400000| Complete 
|  85|0x00000000a5500000, 0x00000000a5600000, 0x00000000a5600000|100%| E|CS|TAMS 0x00000000a5500000, 0x00000000a5500000| Complete 
|  86|0x00000000a5600000, 0x00000000a5700000, 0x00000000a5700000|100%| E|CS|TAMS 0x00000000a5600000, 0x00000000a5600000| Complete 
|  87|0x00000000a5700000, 0x00000000a5800000, 0x00000000a5800000|100%| E|CS|TAMS 0x00000000a5700000, 0x00000000a5700000| Complete 
|  88|0x00000000a5800000, 0x00000000a5900000, 0x00000000a5900000|100%| E|CS|TAMS 0x00000000a5800000, 0x00000000a5800000| Complete 
|  89|0x00000000a5900000, 0x00000000a5a00000, 0x00000000a5a00000|100%| E|CS|TAMS 0x00000000a5900000, 0x00000000a5900000| Complete 
|  90|0x00000000a5a00000, 0x00000000a5b00000, 0x00000000a5b00000|100%| E|CS|TAMS 0x00000000a5a00000, 0x00000000a5a00000| Complete 
|  91|0x00000000a5b00000, 0x00000000a5c00000, 0x00000000a5c00000|100%| E|CS|TAMS 0x00000000a5b00000, 0x00000000a5b00000| Complete 
|  92|0x00000000a5c00000, 0x00000000a5d00000, 0x00000000a5d00000|100%| E|CS|TAMS 0x00000000a5c00000, 0x00000000a5c00000| Complete 

Card table byte_map: [0x000002f4da050000,0x000002f4da350000] _byte_map_base: 0x000002f4d9b50000

Marking Bits (Prev, Next): (CMBitMap*) 0x000002f4c23bb4a8, (CMBitMap*) 0x000002f4c23bb4e0
 Prev Bits: [0x000002f4da650000, 0x000002f4dbe50000)
 Next Bits: [0x000002f4dbe50000, 0x000002f4dd650000)

Polling page: 0x000002f4c0b90000

Metaspace:

Usage:
  Non-class:     58.77 MB capacity,    57.69 MB ( 98%) used,   977.09 KB (  2%) free+waste,   138.31 KB ( <1%) overhead. 
      Class:      8.91 MB capacity,     8.38 MB ( 94%) used,   469.62 KB (  5%) free+waste,    64.81 KB ( <1%) overhead. 
       Both:     67.68 MB capacity,    66.07 MB ( 98%) used,     1.41 MB (  2%) free+waste,   203.13 KB ( <1%) overhead. 

Virtual space:
  Non-class space:       60.00 MB reserved,      58.92 MB ( 98%) committed 
      Class space:        1.00 GB reserved,       9.00 MB ( <1%) committed 
             Both:        1.06 GB reserved,      67.92 MB (  6%) committed 

Chunk freelists:
   Non-Class:  2.38 KB
       Class:  0 bytes
        Both:  2.38 KB

CodeHeap 'non-profiled nmethods': size=120064Kb used=3430Kb max_used=3430Kb free=116633Kb
 bounds [0x000002f4d21f0000, 0x000002f4d2550000, 0x000002f4d9730000]
CodeHeap 'profiled nmethods': size=120000Kb used=13274Kb max_used=13274Kb free=106725Kb
 bounds [0x000002f4cacc0000, 0x000002f4cb9d0000, 0x000002f4d21f0000]
CodeHeap 'non-nmethods': size=5696Kb used=2278Kb max_used=2323Kb free=3417Kb
 bounds [0x000002f4ca730000, 0x000002f4ca9a0000, 0x000002f4cacc0000]
 total_blobs=9068 nmethods=5836 adapters=777
 compilation: enabled
              stopped_count=0, restarted_count=0
 full_count=0

Compilation events (10 events):
Event: 235.179 Thread 0x000002f4e045a000 6513       3       org.gradle.tooling.internal.provider.runner.ClientForwardingTestOperationListener::finished (98 bytes)
Event: 235.181 Thread 0x000002f4e045a000 nmethod 6513 0x000002f4cb996510 code [0x000002f4cb996800, 0x000002f4cb9976b0]
Event: 235.181 Thread 0x000002f4e045a000 6514       3       org.gradle.tooling.internal.provider.runner.BuildOperationParentTracker::finished (15 bytes)
Event: 235.181 Thread 0x000002f4e045a000 nmethod 6514 0x000002f4cb997b10 code [0x000002f4cb997ce0, 0x000002f4cb997f30]
Event: 235.181 Thread 0x000002f4e045a000 6515       3       org.gradle.api.internal.tasks.compile.tooling.JavaCompileTaskSuccessResultPostProcessor::finished (56 bytes)
Event: 235.182 Thread 0x000002f4e045a000 nmethod 6515 0x000002f4cb998010 code [0x000002f4cb998260, 0x000002f4cb998b70]
Event: 235.194 Thread 0x000002f4e045a000 6516       3       sun.reflect.generics.repository.AbstractRepository::<init> (19 bytes)
Event: 235.194 Thread 0x000002f4e045a000 nmethod 6516 0x000002f4cb998e10 code [0x000002f4cb998fe0, 0x000002f4cb999330]
Event: 235.195 Thread 0x000002f4e045a000 6517       3       com.google.common.collect.RegularImmutableMap$EntrySet::iterator (5 bytes)
Event: 235.195 Thread 0x000002f4e045a000 nmethod 6517 0x000002f4cb999410 code [0x000002f4cb999640, 0x000002f4cb999f10]

GC Heap History (10 events):
Event: 230.500 GC heap before
{Heap before GC invocations=65 (full 0):
 garbage-first heap   total 78848K, used 65497K [0x00000000a0000000, 0x0000000100000000)
  region size 1024K, 10 young (10240K), 2 survivors (2048K)
 Metaspace       used 60447K, capacity 61835K, committed 62000K, reserved 1103872K
  class space    used 7621K, capacity 8052K, committed 8064K, reserved 1048576K
}
Event: 230.506 GC heap after
{Heap after GC invocations=66 (full 0):
 garbage-first heap   total 95232K, used 57946K [0x00000000a0000000, 0x0000000100000000)
  region size 1024K, 1 young (1024K), 1 survivors (1024K)
 Metaspace       used 60447K, capacity 61835K, committed 62000K, reserved 1103872K
  class space    used 7621K, capacity 8052K, committed 8064K, reserved 1048576K
}
Event: 231.441 GC heap before
{Heap before GC invocations=67 (full 0):
 garbage-first heap   total 95232K, used 68186K [0x00000000a0000000, 0x0000000100000000)
  region size 1024K, 12 young (12288K), 1 survivors (1024K)
 Metaspace       used 61535K, capacity 62883K, committed 62896K, reserved 1103872K
  class space    used 7764K, capacity 8184K, committed 8192K, reserved 1048576K
}
Event: 231.446 GC heap after
{Heap after GC invocations=68 (full 0):
 garbage-first heap   total 95232K, used 58682K [0x00000000a0000000, 0x0000000100000000)
  region size 1024K, 2 young (2048K), 2 survivors (2048K)
 Metaspace       used 61535K, capacity 62883K, committed 62896K, reserved 1103872K
  class space    used 7764K, capacity 8184K, committed 8192K, reserved 1048576K
}
Event: 233.423 GC heap before
{Heap before GC invocations=69 (full 0):
 garbage-first heap   total 95232K, used 73018K [0x00000000a0000000, 0x0000000100000000)
  region size 1024K, 15 young (15360K), 2 survivors (2048K)
 Metaspace       used 64302K, capacity 65683K, committed 65840K, reserved 1105920K
  class space    used 8049K, capacity 8501K, committed 8576K, reserved 1048576K
}
Event: 233.430 GC heap after
{Heap after GC invocations=70 (full 0):
 garbage-first heap   total 95232K, used 59652K [0x00000000a0000000, 0x0000000100000000)
  region size 1024K, 2 young (2048K), 2 survivors (2048K)
 Metaspace       used 64302K, capacity 65683K, committed 65840K, reserved 1105920K
  class space    used 8049K, capacity 8501K, committed 8576K, reserved 1048576K
}
Event: 234.238 GC heap before
{Heap before GC invocations=70 (full 0):
 garbage-first heap   total 95232K, used 73988K [0x00000000a0000000, 0x0000000100000000)
  region size 1024K, 16 young (16384K), 2 survivors (2048K)
 Metaspace       used 64906K, capacity 66452K, committed 66736K, reserved 1107968K
  class space    used 8142K, capacity 8610K, committed 8704K, reserved 1048576K
}
Event: 234.245 GC heap after
{Heap after GC invocations=71 (full 0):
 garbage-first heap   total 95232K, used 60811K [0x00000000a0000000, 0x0000000100000000)
  region size 1024K, 2 young (2048K), 2 survivors (2048K)
 Metaspace       used 64906K, capacity 66452K, committed 66736K, reserved 1107968K
  class space    used 8142K, capacity 8610K, committed 8704K, reserved 1048576K
}
Event: 235.027 GC heap before
{Heap before GC invocations=72 (full 0):
 garbage-first heap   total 95232K, used 75147K [0x00000000a0000000, 0x0000000100000000)
  region size 1024K, 16 young (16384K), 2 survivors (2048K)
 Metaspace       used 66194K, capacity 67743K, committed 67888K, reserved 1107968K
  class space    used 8330K, capacity 8828K, committed 8832K, reserved 1048576K
}
Event: 235.035 GC heap after
{Heap after GC invocations=73 (full 0):
 garbage-first heap   total 95232K, used 62104K [0x00000000a0000000, 0x0000000100000000)
  region size 1024K, 2 young (2048K), 2 survivors (2048K)
 Metaspace       used 66194K, capacity 67743K, committed 67888K, reserved 1107968K
  class space    used 8330K, capacity 8828K, committed 8832K, reserved 1048576K
}

Deoptimization events (10 events):
Event: 232.004 Thread 0x000002f4e1b7a000 Uncommon trap: reason=unstable_if action=reinterpret pc=0x000002f4d2250140 method=java.lang.AbstractStringBuilder.isLatin1()Z @ 10 c2
Event: 232.005 Thread 0x000002f4e1b7a000 Uncommon trap: reason=unstable_if action=reinterpret pc=0x000002f4d2238498 method=java.lang.String.substring(II)Ljava/lang/String; @ 31 c2
Event: 232.420 Thread 0x000002f4e1b7a000 Uncommon trap: reason=unstable_if action=reinterpret pc=0x000002f4d22820bc method=org.gradle.internal.reflect.PropertyAccessorType.of(Ljava/lang/reflect/Method;)Lorg/gradle/internal/reflect/PropertyAccessorType; @ 56 c2
Event: 232.696 Thread 0x000002f4e1b7a000 Uncommon trap: reason=unstable_if action=reinterpret pc=0x000002f4d22142c0 method=java.util.Properties$LineReader.readLine()I @ 372 c2
Event: 233.524 Thread 0x000002f4e1b7a000 Uncommon trap: reason=unstable_if action=reinterpret pc=0x000002f4d22a3724 method=org.gradle.internal.instantiation.generator.AbstractClassGenerator$InjectionAnnotationValidator.validateMethod(Ljava/lang/reflect/Method;Lorg/gradle/internal/reflect/Propert
Event: 233.525 Thread 0x000002f4e1b7a000 Uncommon trap: reason=unstable_if action=reinterpret pc=0x000002f4d247651c method=org.gradle.internal.instantiation.generator.AbstractClassGenerator$InjectionAnnotationValidator.validateMethod(Ljava/lang/reflect/Method;Lorg/gradle/internal/reflect/Propert
Event: 233.646 Thread 0x000002f4e1b7a000 Uncommon trap: reason=unstable_if action=reinterpret pc=0x000002f4d246fa10 method=java.util.StringJoiner.add(Ljava/lang/CharSequence;)Ljava/util/StringJoiner; @ 33 c2
Event: 233.695 Thread 0x000002f4e1b7a000 Uncommon trap: reason=class_check action=make_not_entrant pc=0x000002f4d2522f6c method=java.util.ArrayList.toArray([Ljava/lang/Object;)[Ljava/lang/Object; @ 21 c2
Event: 234.680 Thread 0x000002f4e1b7a000 Uncommon trap: reason=unstable_if action=reinterpret pc=0x000002f4d2356248 method=java.lang.invoke.MethodType.equals(Ljava/lang/invoke/MethodType;)Z @ 8 c2
Event: 234.680 Thread 0x000002f4e1b7a000 Uncommon trap: reason=class_check action=maybe_recompile pc=0x000002f4d24898fc method=java.util.concurrent.ConcurrentHashMap.putVal(Ljava/lang/Object;Ljava/lang/Object;Z)Ljava/lang/Object; @ 159 c2

Classes redefined (0 events):
No events

Internal exceptions (10 events):
Event: 234.573 Thread 0x000002f4e1b7a000 Exception <a 'java/lang/NoSuchMethodError'{0x00000000a5548840}: java.lang.invoke.Invokers$Holder.linkToTargetMethod(Ljava/lang/Object;Ljava/lang/Object;IILjava/lang/Object;)Ljava/lang/Object;> (0x00000000a5548840) thrown at [t:/workspace/open/src/hotspot/
Event: 234.603 Thread 0x000002f4e1b7a000 Exception <a 'java/lang/NoSuchMethodError'{0x00000000a55f8258}: java.lang.invoke.DirectMethodHandle$Holder.invokeStatic(Ljava/lang/Object;Ljava/lang/Object;Ljava/lang/Object;Ljava/lang/Object;Ljava/lang/Object;Ljava/lang/Object;Ljava/lang/Object;)V> (0x00
Event: 234.624 Thread 0x000002f4e1b7a000 Exception <a 'java/lang/NoSuchMethodError'{0x00000000a544ceb0}: java.lang.invoke.DirectMethodHandle$Holder.invokeSpecial(Ljava/lang/Object;Ljava/lang/Object;ILjava/lang/Object;)V> (0x00000000a544ceb0) thrown at [t:/workspace/open/src/hotspot/share/interpr
Event: 234.626 Thread 0x000002f4e1b7a000 Exception <a 'java/lang/NoSuchMethodError'{0x00000000a54540b8}: java.lang.invoke.Invokers$Holder.linkToTargetMethod(Ljava/lang/Object;ILjava/lang/Object;)Ljava/lang/Object;> (0x00000000a54540b8) thrown at [t:/workspace/open/src/hotspot/share/interpreter/l
Event: 234.639 Thread 0x000002f4e1b7a000 Exception <a 'java/lang/NoSuchMethodError'{0x00000000a5498108}: java.lang.invoke.DirectMethodHandle$Holder.invokeStatic(Ljava/lang/Object;ILjava/lang/Object;)V> (0x00000000a5498108) thrown at [t:/workspace/open/src/hotspot/share/interpreter/linkResolver.c
Event: 234.911 Thread 0x000002f4e1b7a000 Exception <a 'java/lang/ClassNotFoundException'{0x00000000a508e130}: org/gradle/api/plugins/internal/DefaultBasePluginConventionBeanInfo> (0x00000000a508e130) thrown at [t:/workspace/open/src/hotspot/share/classfile/systemDictionary.cpp, line 231]
Event: 234.912 Thread 0x000002f4e1b7a000 Exception <a 'java/lang/ClassNotFoundException'{0x00000000a50a8828}: org/gradle/api/plugins/BasePluginConventionBeanInfo> (0x00000000a50a8828) thrown at [t:/workspace/open/src/hotspot/share/classfile/systemDictionary.cpp, line 231]
Event: 234.913 Thread 0x000002f4e1b7a000 Exception <a 'java/lang/ClassNotFoundException'{0x00000000a50c2478}: org/gradle/api/plugins/BasePluginConventionCustomizer> (0x00000000a50c2478) thrown at [t:/workspace/open/src/hotspot/share/classfile/systemDictionary.cpp, line 231]
Event: 234.916 Thread 0x000002f4e1b7a000 Exception <a 'java/lang/ClassNotFoundException'{0x00000000a50ed908}: org/gradle/api/plugins/internal/DefaultBasePluginConventionCustomizer> (0x00000000a50ed908) thrown at [t:/workspace/open/src/hotspot/share/classfile/systemDictionary.cpp, line 231]
Event: 234.994 Thread 0x000002f4e1b7a000 Exception <a 'java/lang/NoSuchMethodError'{0x00000000a4f57a98}: java.lang.invoke.DirectMethodHandle$Holder.invokeVirtual(Ljava/lang/Object;Ljava/lang/Object;)I> (0x00000000a4f57a98) thrown at [t:/workspace/open/src/hotspot/share/interpreter/linkResolver.c

Events (10 events):
Event: 235.190 loading class com/android/build/gradle/internal/utils/DesugarLibUtils$registerDesugarLibConfigTransform$1
Event: 235.191 loading class com/android/build/gradle/internal/utils/DesugarLibUtils$registerDesugarLibConfigTransform$1 done
Event: 235.191 loading class org/gradle/api/artifacts/transform/TransformParameters$None
Event: 235.191 loading class org/gradle/api/artifacts/transform/TransformParameters$None done
Event: 235.198 loading class com/android/build/gradle/internal/utils/DesugarLibUtils$getDesugarLibConfigFromTransform$1
Event: 235.198 loading class com/android/build/gradle/internal/utils/DesugarLibUtils$getDesugarLibConfigFromTransform$1 done
Event: 235.199 loading class com/android/build/gradle/internal/utils/DesugarLibUtils$getDesugarLibConfigFromTransform$1$1
Event: 235.199 loading class com/android/build/gradle/internal/utils/DesugarLibUtils$getDesugarLibConfigFromTransform$1$1 done
Event: 235.199 loading class com/android/build/gradle/internal/utils/DesugarLibUtils$getDesugarLibConfigFromTransform$1$2
Event: 235.199 loading class com/android/build/gradle/internal/utils/DesugarLibUtils$getDesugarLibConfigFromTransform$1$2 done


Dynamic libraries:
0x00007ff7c8480000 - 0x00007ff7c84c7000 	C:\Program Files\Java\jdk-11.0.6\bin\java.exe
0x00007fff35a10000 - 0x00007fff35bd1000 	C:\Windows\SYSTEM32\ntdll.dll
0x00007fff34530000 - 0x00007fff345dd000 	C:\Windows\system32\KERNEL32.DLL
0x00007fff32ad0000 - 0x00007fff32cb8000 	C:\Windows\system32\KERNELBASE.dll
0x00007fff34ad0000 - 0x00007fff34b77000 	C:\Windows\system32\ADVAPI32.dll
0x00007fff32ec0000 - 0x00007fff32f5d000 	C:\Windows\system32\msvcrt.dll
0x00007fff32f70000 - 0x00007fff32fcb000 	C:\Windows\system32\sechost.dll
0x00007fff35140000 - 0x00007fff3525c000 	C:\Windows\system32\RPCRT4.dll
0x00007fff35600000 - 0x00007fff35756000 	C:\Windows\system32\USER32.dll
0x00007fff34fb0000 - 0x00007fff35136000 	C:\Windows\system32\GDI32.dll
0x00007fff25650000 - 0x00007fff258c4000 	C:\Windows\WinSxS\amd64_microsoft.windows.common-controls_6595b64144ccf1df_6.0.10586.0_none_8c15ae12515e1c22\COMCTL32.dll
0x00007fff35260000 - 0x00007fff354dd000 	C:\Windows\system32\combase.dll
0x00007fff25c60000 - 0x00007fff25c6a000 	C:\Windows\SYSTEM32\VERSION.dll
0x00007fff32410000 - 0x00007fff3247a000 	C:\Windows\system32\bcryptPrimitives.dll
0x00007fff359d0000 - 0x00007fff35a0b000 	C:\Windows\system32\IMM32.DLL
0x00007fff22600000 - 0x00007fff22616000 	C:\Program Files\Java\jdk-11.0.6\bin\vcruntime140.dll
0x00007fff311d0000 - 0x00007fff312c4000 	C:\Windows\SYSTEM32\ucrtbase.dll
0x00007fff1dd30000 - 0x00007fff1ddda000 	C:\Program Files\Java\jdk-11.0.6\bin\msvcp140.dll
0x00007fff14f00000 - 0x00007fff15a29000 	C:\Program Files\Java\jdk-11.0.6\bin\server\jvm.dll
0x00007fff348e0000 - 0x00007fff348e8000 	C:\Windows\system32\PSAPI.DLL
0x00007fff2faf0000 - 0x00007fff2faf9000 	C:\Windows\SYSTEM32\WSOCK32.dll
0x00007fff35900000 - 0x00007fff3596b000 	C:\Windows\system32\WS2_32.dll
0x00007fff30650000 - 0x00007fff30673000 	C:\Windows\SYSTEM32\WINMM.dll
0x00007fff305f0000 - 0x00007fff3061c000 	C:\Windows\SYSTEM32\WINMMBASE.dll
0x00007fff32170000 - 0x00007fff321b3000 	C:\Windows\system32\cfgmgr32.dll
0x00007fff32080000 - 0x00007fff3208f000 	C:\Windows\system32\kernel.appcore.dll
0x00007fff22510000 - 0x00007fff22521000 	C:\Program Files\Java\jdk-11.0.6\bin\verify.dll
0x00007fff1cea0000 - 0x00007fff1d02c000 	C:\Windows\SYSTEM32\DBGHELP.DLL
0x00007fff20a40000 - 0x00007fff20a65000 	C:\Windows\SYSTEM32\dbgcore.DLL
0x00007fff20990000 - 0x00007fff209b9000 	C:\Program Files\Java\jdk-11.0.6\bin\java.dll
0x00007fff211b0000 - 0x00007fff211c6000 	C:\Program Files\Java\jdk-11.0.6\bin\zip.dll
0x00007fff259a0000 - 0x00007fff259aa000 	C:\Program Files\Java\jdk-11.0.6\bin\jimage.dll
0x00007fff32fd0000 - 0x00007fff3452f000 	C:\Windows\system32\SHELL32.dll
0x00007fff32480000 - 0x00007fff32ac4000 	C:\Windows\system32\windows.storage.dll
0x00007fff35760000 - 0x00007fff357b2000 	C:\Windows\system32\shlwapi.dll
0x00007fff32d50000 - 0x00007fff32e05000 	C:\Windows\system32\shcore.dll
0x00007fff32030000 - 0x00007fff3207b000 	C:\Windows\system32\powrprof.dll
0x00007fff32090000 - 0x00007fff320a4000 	C:\Windows\system32\profapi.dll
0x00007fff20970000 - 0x00007fff20989000 	C:\Program Files\Java\jdk-11.0.6\bin\net.dll
0x00007fff27310000 - 0x00007fff273d8000 	C:\Windows\SYSTEM32\WINHTTP.dll
0x00007fff31900000 - 0x00007fff3195c000 	C:\Windows\system32\mswsock.dll
0x00007fff20840000 - 0x00007fff20853000 	C:\Program Files\Java\jdk-11.0.6\bin\nio.dll
0x00007fff20a70000 - 0x00007fff20a96000 	C:\Users\Liberman Anton\.gradle\native\31\windows-amd64\native-platform.dll
0x00007fff227b0000 - 0x00007fff227b9000 	C:\Program Files\Java\jdk-11.0.6\bin\management.dll
0x00007fff22500000 - 0x00007fff2250c000 	C:\Program Files\Java\jdk-11.0.6\bin\management_ext.dll
0x00007fff319b0000 - 0x00007fff319c7000 	C:\Windows\SYSTEM32\CRYPTSP.dll
0x00007fff31640000 - 0x00007fff31674000 	C:\Windows\system32\rsaenh.dll
0x00007fff31f60000 - 0x00007fff31f89000 	C:\Windows\SYSTEM32\bcrypt.dll
0x00007fff31790000 - 0x00007fff317af000 	C:\Windows\SYSTEM32\USERENV.dll
0x00007fff31ad0000 - 0x00007fff31adb000 	C:\Windows\SYSTEM32\CRYPTBASE.dll
0x00007fff2ea90000 - 0x00007fff2eac8000 	C:\Windows\SYSTEM32\IPHLPAPI.DLL
0x00007fff354e0000 - 0x00007fff354e8000 	C:\Windows\system32\NSI.dll
0x00007fff2e7d0000 - 0x00007fff2e7e6000 	C:\Windows\SYSTEM32\dhcpcsvc6.DLL
0x00007fff2e7b0000 - 0x00007fff2e7ca000 	C:\Windows\SYSTEM32\dhcpcsvc.DLL
0x00007fff224c0000 - 0x00007fff224cd000 	C:\Program Files\Java\jdk-11.0.6\bin\sunmscapi.dll
0x00007fff321c0000 - 0x00007fff32387000 	C:\Windows\system32\CRYPT32.dll
0x00007fff320b0000 - 0x00007fff320c0000 	C:\Windows\system32\MSASN1.dll
0x00007fff31ba0000 - 0x00007fff31bc7000 	C:\Windows\SYSTEM32\ncrypt.dll
0x00007fff31b60000 - 0x00007fff31b9a000 	C:\Windows\SYSTEM32\NTASN1.dll
0x00007fff1ed30000 - 0x00007fff1ed57000 	C:\Program Files\Java\jdk-11.0.6\bin\sunec.dll
0x00007fff309b0000 - 0x00007fff30a5a000 	C:\Windows\SYSTEM32\DNSAPI.dll
0x000000006ec60000 - 0x000000006ec86000 	C:\Program Files\Bonjour\mdnsNSP.dll
0x00007fff236d0000 - 0x00007fff236da000 	C:\Windows\System32\rasadhlp.dll
0x00007fff2e800000 - 0x00007fff2e867000 	C:\Windows\System32\fwpuclnt.dll

dbghelp: loaded successfully - version: 4.0.5 - missing functions: none
symbol engine: initialized successfully - sym options: 0x614 - pdb path: .;C:\Program Files\Java\jdk-11.0.6\bin;C:\Windows\SYSTEM32;C:\Windows\WinSxS\amd64_microsoft.windows.common-controls_6595b64144ccf1df_6.0.10586.0_none_8c15ae12515e1c22;C:\Program Files\Java\jdk-11.0.6\bin\server;C:\Users\Liberman Anton\.gradle\native\31\windows-amd64;C:\Program Files\Bonjour

VM Arguments:
jvm_args: --add-opens=java.base/java.util=ALL-UNNAMED --add-opens=java.base/java.lang=ALL-UNNAMED --add-opens=java.base/java.lang.invoke=ALL-UNNAMED --add-opens=java.prefs/java.util.prefs=ALL-UNNAMED -Xmx1536m -Dfile.encoding=windows-1251 -Duser.country=RU -Duser.language=ru -Duser.variant 
java_command: org.gradle.launcher.daemon.bootstrap.GradleDaemon 6.1-rc-1
java_class_path (initial): C:\Users\Liberman Anton\.gradle\wrapper\dists\gradle-6.1-rc-1-all\2aeqb4no7j31slx5jbpydz8zu\gradle-6.1-rc-1\lib\gradle-launcher-6.1.jar
Launcher Type: SUN_STANDARD

[Global flags]
     intx CICompilerCount                          = 3                                         {product} {ergonomic}
     uint ConcGCThreads                            = 1                                         {product} {ergonomic}
     uint G1ConcRefinementThreads                  = 4                                         {product} {ergonomic}
   size_t G1HeapRegionSize                         = 1048576                                   {product} {ergonomic}
    uintx GCDrainStackTargetSize                   = 64                                        {product} {ergonomic}
   size_t InitialHeapSize                          = 67108864                                  {product} {ergonomic}
   size_t MarkStackSize                            = 4194304                                   {product} {ergonomic}
   size_t MaxHeapSize                              = 1610612736                                {product} {command line}
   size_t MaxNewSize                               = 965738496                                 {product} {ergonomic}
   size_t MinHeapDeltaBytes                        = 1048576                                   {product} {ergonomic}
    uintx NonNMethodCodeHeapSize                   = 5830732                                {pd product} {ergonomic}
    uintx NonProfiledCodeHeapSize                  = 122913754                              {pd product} {ergonomic}
    uintx ProfiledCodeHeapSize                     = 122913754                              {pd product} {ergonomic}
    uintx ReservedCodeCacheSize                    = 251658240                              {pd product} {ergonomic}
     bool SegmentedCodeCache                       = true                                      {product} {ergonomic}
     bool UseCompressedClassPointers               = true                                 {lp64_product} {ergonomic}
     bool UseCompressedOops                        = true                                 {lp64_product} {ergonomic}
     bool UseG1GC                                  = true                                      {product} {ergonomic}
     bool UseLargePagesIndividualAllocation        = false                                  {pd product} {ergonomic}

Logging:
Log output configuration:
 #0: stdout all=warning uptime,level,tags
 #1: stderr all=off uptime,level,tags

Environment Variables:
PATH=C:\Program Files (x86)\Common Files\Oracle\Java\javapath;C:\ProgramData\Oracle\Java\javapath;C:\Program Files (x86)\Intel\iCLS Client\;C:\Program Files\Intel\iCLS Client\;C:\Windows\system32;C:\Windows;C:\Windows\System32\Wbem;C:\Windows\System32\WindowsPowerShell\v1.0\;C:\Program Files\Intel\Intel(R) Management Engine Components\DAL;C:\Program Files (x86)\Intel\Intel(R) Management Engine Components\DAL;C:\Program Files\Intel\Intel(R) Management Engine Components\IPT;C:\Program Files (x86)\Intel\Intel(R) Management Engine Components\IPT;C:\Program Files\Git\cmd
USERNAME=Liberman Anton
OS=Windows_NT
PROCESSOR_IDENTIFIER=Intel64 Family 6 Model 69 Stepping 1, GenuineIntel



---------------  S Y S T E M  ---------------

OS: Windows 10 , 64 bit Build 10586 (10.0.10586.0)

CPU:total 4 (initial active 4) (2 cores per cpu, 2 threads per core) family 6 model 69 stepping 1, cmov, cx8, fxsr, mmx, sse, sse2, sse3, ssse3, sse4.1, sse4.2, popcnt, avx, avx2, aes, clmul, erms, lzcnt, ht, tsc, tscinvbit, bmi1, bmi2, fma

Memory: 4k page, system-wide physical 4002M (394M free)
TotalPageFile size 4002M (AvailPageFile size 0M)
current process WorkingSet (physical memory assigned to process): 270M, peak: 270M
current process commit charge ("private bytes"): 307M, peak: 310M

vm_info: Java HotSpot(TM) 64-Bit Server VM (11.0.6+8-LTS) for windows-amd64 JRE (11.0.6+8-LTS), built on Dec 11 2019 09:17:57 by "mach5one" with MS VC++ 15.5 (VS2017)

END.
