#
# There is insufficient memory for the Java Runtime Environment to continue.
# Native memory allocation (malloc) failed to allocate 1271376 bytes for Chunk::new
# Possible reasons:
#   The system is out of physical RAM or swap space
#   The process is running with CompressedOops enabled, and the Java Heap may be blocking the growth of the native heap
# Possible solutions:
#   Reduce memory load on the system
#   Increase physical memory or swap space
#   Check if swap backing store is full
#   Decrease Java heap size (-Xmx/-Xms)
#   Decrease number of Java threads
#   Decrease Java thread stack sizes (-Xss)
#   Set larger code cache with -XX:ReservedCodeCacheSize=
#   JVM is running with Unscaled Compressed Oops mode in which the Java heap is
#     placed in the first 4GB address space. The Java Heap base address is the
#     maximum limit for the native heap growth. Please use -XX:HeapBaseMinAddress
#     to set the Java Heap base and to place the Java Heap above 4GB virtual address.
# This output file may be truncated or incomplete.
#
#  Out of Memory Error (t:/workspace/open/src/hotspot/share/memory/arena.cpp:197), pid=2448, tid=2308
#
# JRE version: Java(TM) SE Runtime Environment (11.0.6+8) (build 11.0.6+8-LTS)
# Java VM: Java HotSpot(TM) 64-Bit Server VM (11.0.6+8-LTS, mixed mode, tiered, compressed oops, g1 gc, windows-amd64)
# No core dump will be written. Minidumps are not enabled by default on client versions of Windows
#

---------------  S U M M A R Y ------------

Command Line: --add-opens=java.base/java.util=ALL-UNNAMED --add-opens=java.base/java.lang=ALL-UNNAMED --add-opens=java.base/java.lang.invoke=ALL-UNNAMED --add-opens=java.prefs/java.util.prefs=ALL-UNNAMED -Xmx1536m -Dfile.encoding=windows-1251 -Duser.country=RU -Duser.language=ru -Duser.variant org.gradle.launcher.daemon.bootstrap.GradleDaemon 6.1-rc-1

Host: Intel(R) Core(TM) i3-4005U CPU @ 1.70GHz, 4 cores, 3G,  Windows 10 , 64 bit Build 10586 (10.0.10586.0)
Time: Fri Apr 24 11:44:30 2020 Ea?onaeeineia a?aiy (eaoi) elapsed time: 215 seconds (0d 0h 3m 35s)

---------------  T H R E A D  ---------------

Current thread (0x00000180542c3000):  JavaThread "C2 CompilerThread0" daemon [_thread_in_native, id=2308, stack(0x000000639d700000,0x000000639d800000)]


Current CompileTask:
C2: 215571 6487       4       java.beans.Introspector::addMethod (196 bytes)

Stack: [0x000000639d700000,0x000000639d800000]
Native frames: (J=compiled Java code, j=interpreted, Vv=VM code, C=native code)
V  [jvm.dll+0x63679a]
V  [jvm.dll+0x7755bf]
V  [jvm.dll+0x776c65]
V  [jvm.dll+0x7772d3]
V  [jvm.dll+0x25e7f8]
V  [jvm.dll+0xc1c01]
V  [jvm.dll+0xc219c]
V  [jvm.dll+0x2cf424]
V  [jvm.dll+0x552d3f]
V  [jvm.dll+0x21a49f]
V  [jvm.dll+0x2173d6]
V  [jvm.dll+0x193a2c]
V  [jvm.dll+0x226544]
V  [jvm.dll+0x224b28]
V  [jvm.dll+0x73a9c5]
V  [jvm.dll+0x733905]
V  [jvm.dll+0x635846]
C  [ucrtbase.dll+0x6be1d]
C  [KERNEL32.DLL+0x18102]
C  [ntdll.dll+0x5c264]


---------------  P R O C E S S  ---------------

Threads class SMR info:
_java_thread_list=0x0000018058d9bcc0, length=34, elements={
0x000001803618b000, 0x0000018054274000, 0x0000018054275800, 0x000001805426f800,
0x00000180542c2800, 0x00000180542c3000, 0x00000180542c8000, 0x0000018054408800,
0x0000018054539800, 0x0000018054547000, 0x0000018056079800, 0x000001805613d800,
0x0000018056141000, 0x000001805613f800, 0x0000018056140000, 0x0000018056142000,
0x000001805613c000, 0x0000018056142800, 0x000001805613e800, 0x0000018054658000,
0x000001805465d000, 0x000001805465b000, 0x0000018054659800, 0x000001805465e800,
0x000001805465d800, 0x0000018054659000, 0x000001805465f800, 0x000001805465a800,
0x0000018054666800, 0x0000018054661000, 0x0000018054663800, 0x0000018054662000,
0x000001805465c000, 0x000001805bbab800
}

Java Threads: ( => current thread )
  0x000001803618b000 JavaThread "main" [_thread_blocked, id=4432, stack(0x000000639cc00000,0x000000639cd00000)]
  0x0000018054274000 JavaThread "Reference Handler" daemon [_thread_blocked, id=3464, stack(0x000000639d300000,0x000000639d400000)]
  0x0000018054275800 JavaThread "Finalizer" daemon [_thread_blocked, id=2676, stack(0x000000639d400000,0x000000639d500000)]
  0x000001805426f800 JavaThread "Signal Dispatcher" daemon [_thread_blocked, id=1732, stack(0x000000639d500000,0x000000639d600000)]
  0x00000180542c2800 JavaThread "Attach Listener" daemon [_thread_blocked, id=1756, stack(0x000000639d600000,0x000000639d700000)]
=>0x00000180542c3000 JavaThread "C2 CompilerThread0" daemon [_thread_in_native, id=2308, stack(0x000000639d700000,0x000000639d800000)]
  0x00000180542c8000 JavaThread "C1 CompilerThread0" daemon [_thread_blocked, id=4932, stack(0x000000639d800000,0x000000639d900000)]
  0x0000018054408800 JavaThread "Sweeper thread" daemon [_thread_blocked, id=3272, stack(0x000000639d900000,0x000000639da00000)]
  0x0000018054539800 JavaThread "Common-Cleaner" daemon [_thread_blocked, id=3212, stack(0x000000639da00000,0x000000639db00000)]
  0x0000018054547000 JavaThread "Service Thread" daemon [_thread_blocked, id=3584, stack(0x000000639db00000,0x000000639dc00000)]
  0x0000018056079800 JavaThread "Daemon health stats" [_thread_blocked, id=4680, stack(0x000000639e000000,0x000000639e100000)]
  0x000001805613d800 JavaThread "Incoming local TCP Connector on port 50556" [_thread_in_native, id=3220, stack(0x000000639e100000,0x000000639e200000)]
  0x0000018056141000 JavaThread "Daemon periodic checks" [_thread_blocked, id=4108, stack(0x000000639e400000,0x000000639e500000)]
  0x000001805613f800 JavaThread "Daemon" [_thread_blocked, id=1316, stack(0x000000639e500000,0x000000639e600000)]
  0x0000018056140000 JavaThread "Handler for socket connection from /127.0.0.1:50556 to /127.0.0.1:50557" [_thread_in_native, id=964, stack(0x000000639e600000,0x000000639e700000)]
  0x0000018056142000 JavaThread "Cancel handler" [_thread_blocked, id=3856, stack(0x000000639e700000,0x000000639e800000)]
  0x000001805613c000 JavaThread "Daemon worker" [_thread_blocked, id=2076, stack(0x000000639e800000,0x000000639e900000)]
  0x0000018056142800 JavaThread "Asynchronous log dispatcher for DefaultDaemonConnection: socket connection from /127.0.0.1:50556 to /127.0.0.1:50557" [_thread_blocked, id=208, stack(0x000000639e900000,0x000000639ea00000)]
  0x000001805613e800 JavaThread "Thread-8" [_thread_blocked, id=4636, stack(0x000000639eb00000,0x000000639ec00000)]
  0x0000018054658000 JavaThread "Cache worker for journal cache (C:\Users\Liberman Anton\.gradle\caches\journal-1)" [_thread_blocked, id=1748, stack(0x000000639ed00000,0x000000639ee00000)]
  0x000001805465d000 JavaThread "File lock request listener" [_thread_in_native, id=4516, stack(0x000000639ee00000,0x000000639ef00000)]
  0x000001805465b000 JavaThread "Cache worker for file hash cache (C:\Users\Liberman Anton\.gradle\caches\6.1-rc-1\fileHashes)" [_thread_blocked, id=3588, stack(0x000000639ef00000,0x000000639f000000)]
  0x0000018054659800 JavaThread "Cache worker for checksums cache (C:\Users\Liberman Anton\AndroidStudioProjects\rmach\.gradle\checksums)" [_thread_blocked, id=5016, stack(0x000000639f100000,0x000000639f200000)]
  0x000001805465e800 JavaThread "Cache worker for file hash cache (C:\Users\Liberman Anton\AndroidStudioProjects\rmach\.gradle\6.1-rc-1\fileHashes)" [_thread_blocked, id=296, stack(0x000000639f200000,0x000000639f300000)]
  0x000001805465d800 JavaThread "Cache worker for cache directory md-supplier (C:\Users\Liberman Anton\.gradle\caches\6.1-rc-1\md-supplier)" [_thread_blocked, id=2608, stack(0x000000639f500000,0x000000639f600000)]
  0x0000018054659000 JavaThread "Cache worker for cache directory md-rule (C:\Users\Liberman Anton\.gradle\caches\6.1-rc-1\md-rule)" [_thread_blocked, id=2256, stack(0x000000639f600000,0x000000639f700000)]
  0x000001805465f800 JavaThread "Cache worker for execution history cache (C:\Users\Liberman Anton\.gradle\caches\6.1-rc-1\executionHistory)" [_thread_blocked, id=2952, stack(0x000000639f700000,0x000000639f800000)]
  0x000001805465a800 JavaThread "Build operations" [_thread_blocked, id=1016, stack(0x000000639fa00000,0x000000639fb00000)]
  0x0000018054666800 JavaThread "Build operations Thread 2" [_thread_blocked, id=4344, stack(0x000000639fb00000,0x000000639fc00000)]
  0x0000018054661000 JavaThread "Build operations Thread 3" [_thread_blocked, id=1240, stack(0x000000639fc00000,0x000000639fd00000)]
  0x0000018054663800 JavaThread "Build operations Thread 4" [_thread_blocked, id=576, stack(0x000000639fd00000,0x000000639fe00000)]
  0x0000018054662000 JavaThread "File lock release action executor Thread 2" [_thread_blocked, id=3576, stack(0x00000063a0300000,0x00000063a0400000)]
  0x000001805465c000 JavaThread "Cache worker for Build Output Cleanup Cache (C:\Users\Liberman Anton\AndroidStudioProjects\rmach\.gradle\buildOutputCleanup)" [_thread_blocked, id=3972, stack(0x00000063a0800000,0x00000063a0900000)]
  0x000001805bbab800 JavaThread "C2 CompilerThread1" daemon [_thread_blocked, id=3628, stack(0x00000063a0d00000,0x00000063a0e00000)]

Other Threads:
  0x000001805423b800 VMThread "VM Thread" [stack: 0x000000639d200000,0x000000639d300000] [id=4520]
  0x000001805458a800 WatcherThread [stack: 0x000000639dc00000,0x000000639dd00000] [id=4472]
  0x000001803619f800 GCTaskThread "GC Thread#0" [stack: 0x000000639cd00000,0x000000639ce00000] [id=2100]
  0x0000018054d16800 GCTaskThread "GC Thread#1" [stack: 0x000000639de00000,0x000000639df00000] [id=3008]
  0x0000018055507000 GCTaskThread "GC Thread#2" [stack: 0x000000639e200000,0x000000639e300000] [id=1980]
  0x0000018056299800 GCTaskThread "GC Thread#3" [stack: 0x000000639e300000,0x000000639e400000] [id=2184]
  0x00000180361c4800 ConcurrentGCThread "G1 Main Marker" [stack: 0x000000639ce00000,0x000000639cf00000] [id=836]
  0x00000180361c6800 ConcurrentGCThread "G1 Conc#0" [stack: 0x000000639cf00000,0x000000639d000000] [id=1600]
  0x0000018036224000 ConcurrentGCThread "G1 Refine#0" [stack: 0x000000639d000000,0x000000639d100000] [id=720]
  0x0000018036225000 ConcurrentGCThread "G1 Young RemSet Sampling" [stack: 0x000000639d100000,0x000000639d200000] [id=4336]

Threads with active compile tasks:
C2 CompilerThread06487       4       java.beans.Introspector::addMethod (196 bytes)

VM state:at safepoint (normal execution)

VM Mutex/Monitor currently owned by a thread:  ([mutex/lock_event])
[0x0000018036189230] Threads_lock - owner thread: 0x000001805423b800
[0x0000018036189860] Heap_lock - owner thread: 0x000001805613c000

Heap address: 0x00000000a0000000, size: 1536 MB, Compressed Oops mode: 32-bit
Narrow klass base: 0x0000000000000000, Narrow klass shift: 3
Compressed class space size: 1073741824 Address: 0x0000000100000000

Heap:
 garbage-first heap   total 114688K, used 64847K [0x00000000a0000000, 0x0000000100000000)
  region size 1024K, 2 young (2048K), 2 survivors (2048K)
 Metaspace       used 67441K, capacity 69046K, committed 69168K, reserved 1110016K
  class space    used 8535K, capacity 9056K, committed 9088K, reserved 1048576K
Heap Regions: E=young(eden), S=young(survivor), O=old, HS=humongous(starts), HC=humongous(continues), CS=collection set, F=free, A=archive, TAMS=top-at-mark-start (previous, next)
|   0|0x00000000a0000000, 0x00000000a0100000, 0x00000000a0100000|100%| O|  |TAMS 0x00000000a0100000, 0x00000000a0100000| Untracked 
|   1|0x00000000a0100000, 0x00000000a0200000, 0x00000000a0200000|100%| O|  |TAMS 0x00000000a0200000, 0x00000000a0200000| Untracked 
|   2|0x00000000a0200000, 0x00000000a0300000, 0x00000000a0300000|100%| O|  |TAMS 0x00000000a0300000, 0x00000000a0300000| Untracked 
|   3|0x00000000a0300000, 0x00000000a0400000, 0x00000000a0400000|100%|HS|  |TAMS 0x00000000a0400000, 0x00000000a0400000| Complete 
|   4|0x00000000a0400000, 0x00000000a0500000, 0x00000000a0500000|100%|HC|  |TAMS 0x00000000a0500000, 0x00000000a0500000| Complete 
|   5|0x00000000a0500000, 0x00000000a0600000, 0x00000000a0600000|100%|HC|  |TAMS 0x00000000a0600000, 0x00000000a0600000| Complete 
|   6|0x00000000a0600000, 0x00000000a0700000, 0x00000000a0700000|100%| O|  |TAMS 0x00000000a0700000, 0x00000000a0700000| Untracked 
|   7|0x00000000a0700000, 0x00000000a0800000, 0x00000000a0800000|100%| O|  |TAMS 0x00000000a0800000, 0x00000000a0800000| Untracked 
|   8|0x00000000a0800000, 0x00000000a0900000, 0x00000000a0900000|100%| O|  |TAMS 0x00000000a0900000, 0x00000000a0900000| Untracked 
|   9|0x00000000a0900000, 0x00000000a0a00000, 0x00000000a0a00000|100%| O|  |TAMS 0x00000000a0a00000, 0x00000000a0a00000| Untracked 
|  10|0x00000000a0a00000, 0x00000000a0b00000, 0x00000000a0b00000|100%| O|  |TAMS 0x00000000a0b00000, 0x00000000a0b00000| Untracked 
|  11|0x00000000a0b00000, 0x00000000a0c00000, 0x00000000a0c00000|100%| O|  |TAMS 0x00000000a0c00000, 0x00000000a0c00000| Untracked 
|  12|0x00000000a0c00000, 0x00000000a0d00000, 0x00000000a0d00000|100%| O|  |TAMS 0x00000000a0d00000, 0x00000000a0d00000| Untracked 
|  13|0x00000000a0d00000, 0x00000000a0e00000, 0x00000000a0e00000|100%| O|  |TAMS 0x00000000a0e00000, 0x00000000a0e00000| Untracked 
|  14|0x00000000a0e00000, 0x00000000a0f00000, 0x00000000a0f00000|100%| O|  |TAMS 0x00000000a0f00000, 0x00000000a0f00000| Untracked 
|  15|0x00000000a0f00000, 0x00000000a1000000, 0x00000000a1000000|100%|HS|  |TAMS 0x00000000a1000000, 0x00000000a1000000| Complete 
|  16|0x00000000a1000000, 0x00000000a1100000, 0x00000000a1100000|100%|HC|  |TAMS 0x00000000a1100000, 0x00000000a1100000| Complete 
|  17|0x00000000a1100000, 0x00000000a1200000, 0x00000000a1200000|100%|HS|  |TAMS 0x00000000a1200000, 0x00000000a1200000| Complete 
|  18|0x00000000a1200000, 0x00000000a1300000, 0x00000000a1300000|100%|HC|  |TAMS 0x00000000a1300000, 0x00000000a1300000| Complete 
|  19|0x00000000a1300000, 0x00000000a1400000, 0x00000000a1400000|100%|HC|  |TAMS 0x00000000a1400000, 0x00000000a1400000| Complete 
|  20|0x00000000a1400000, 0x00000000a1500000, 0x00000000a1500000|100%|HS|  |TAMS 0x00000000a1500000, 0x00000000a1500000| Complete 
|  21|0x00000000a1500000, 0x00000000a1600000, 0x00000000a1600000|100%|HC|  |TAMS 0x00000000a1600000, 0x00000000a1600000| Complete 
|  22|0x00000000a1600000, 0x00000000a1700000, 0x00000000a1700000|100%|HS|  |TAMS 0x00000000a1700000, 0x00000000a1700000| Complete 
|  23|0x00000000a1700000, 0x00000000a1800000, 0x00000000a1800000|100%|HC|  |TAMS 0x00000000a1800000, 0x00000000a1800000| Complete 
|  24|0x00000000a1800000, 0x00000000a1900000, 0x00000000a1900000|100%|HC|  |TAMS 0x00000000a1900000, 0x00000000a1900000| Complete 
|  25|0x00000000a1900000, 0x00000000a1a00000, 0x00000000a1a00000|100%|HC|  |TAMS 0x00000000a1a00000, 0x00000000a1a00000| Complete 
|  26|0x00000000a1a00000, 0x00000000a1b00000, 0x00000000a1b00000|100%| O|  |TAMS 0x00000000a1b00000, 0x00000000a1b00000| Untracked 
|  27|0x00000000a1b00000, 0x00000000a1c00000, 0x00000000a1c00000|100%| O|  |TAMS 0x00000000a1c00000, 0x00000000a1c00000| Untracked 
|  28|0x00000000a1c00000, 0x00000000a1d00000, 0x00000000a1d00000|100%| O|  |TAMS 0x00000000a1d00000, 0x00000000a1d00000| Untracked 
|  29|0x00000000a1d00000, 0x00000000a1e00000, 0x00000000a1e00000|100%| O|  |TAMS 0x00000000a1e00000, 0x00000000a1e00000| Untracked 
|  30|0x00000000a1e00000, 0x00000000a1f00000, 0x00000000a1f00000|100%| O|  |TAMS 0x00000000a1f00000, 0x00000000a1f00000| Untracked 
|  31|0x00000000a1f00000, 0x00000000a2000000, 0x00000000a2000000|100%| O|  |TAMS 0x00000000a2000000, 0x00000000a2000000| Untracked 
|  32|0x00000000a2000000, 0x00000000a2100000, 0x00000000a2100000|100%| O|  |TAMS 0x00000000a2100000, 0x00000000a2100000| Untracked 
|  33|0x00000000a2100000, 0x00000000a2200000, 0x00000000a2200000|100%| O|  |TAMS 0x00000000a2200000, 0x00000000a2200000| Untracked 
|  34|0x00000000a2200000, 0x00000000a2300000, 0x00000000a2300000|100%| O|  |TAMS 0x00000000a2300000, 0x00000000a2300000| Untracked 
|  35|0x00000000a2300000, 0x00000000a2400000, 0x00000000a2400000|100%| O|  |TAMS 0x00000000a2400000, 0x00000000a2400000| Untracked 
|  36|0x00000000a2400000, 0x00000000a2500000, 0x00000000a2500000|100%| O|  |TAMS 0x00000000a2500000, 0x00000000a2500000| Untracked 
|  37|0x00000000a2500000, 0x00000000a2600000, 0x00000000a2600000|100%| O|  |TAMS 0x00000000a2600000, 0x00000000a2600000| Untracked 
|  38|0x00000000a2600000, 0x00000000a2700000, 0x00000000a2700000|100%| O|  |TAMS 0x00000000a2700000, 0x00000000a2700000| Untracked 
|  39|0x00000000a2700000, 0x00000000a2800000, 0x00000000a2800000|100%| O|  |TAMS 0x00000000a2800000, 0x00000000a2800000| Untracked 
|  40|0x00000000a2800000, 0x00000000a2900000, 0x00000000a2900000|100%| O|  |TAMS 0x00000000a2900000, 0x00000000a2900000| Untracked 
|  41|0x00000000a2900000, 0x00000000a2a00000, 0x00000000a2a00000|100%| O|  |TAMS 0x00000000a2a00000, 0x00000000a2a00000| Untracked 
|  42|0x00000000a2a00000, 0x00000000a2b00000, 0x00000000a2b00000|100%| O|  |TAMS 0x00000000a2b00000, 0x00000000a2b00000| Untracked 
|  43|0x00000000a2b00000, 0x00000000a2c00000, 0x00000000a2c00000|100%| O|  |TAMS 0x00000000a2c00000, 0x00000000a2c00000| Untracked 
|  44|0x00000000a2c00000, 0x00000000a2d00000, 0x00000000a2d00000|100%| O|  |TAMS 0x00000000a2d00000, 0x00000000a2d00000| Untracked 
|  45|0x00000000a2d00000, 0x00000000a2e00000, 0x00000000a2e00000|100%| O|  |TAMS 0x00000000a2e00000, 0x00000000a2e00000| Untracked 
|  46|0x00000000a2e00000, 0x00000000a2f00000, 0x00000000a2f00000|100%| O|  |TAMS 0x00000000a2f00000, 0x00000000a2f00000| Untracked 
|  47|0x00000000a2f00000, 0x00000000a3000000, 0x00000000a3000000|100%| O|  |TAMS 0x00000000a3000000, 0x00000000a3000000| Untracked 
|  48|0x00000000a3000000, 0x00000000a3100000, 0x00000000a3100000|100%|HS|  |TAMS 0x00000000a3100000, 0x00000000a3100000| Complete 
|  49|0x00000000a3100000, 0x00000000a3200000, 0x00000000a3200000|100%|HC|  |TAMS 0x00000000a3200000, 0x00000000a3200000| Complete 
|  50|0x00000000a3200000, 0x00000000a3300000, 0x00000000a3300000|100%| O|  |TAMS 0x00000000a3300000, 0x00000000a3300000| Untracked 
|  51|0x00000000a3300000, 0x00000000a3400000, 0x00000000a3400000|100%| O|  |TAMS 0x00000000a3400000, 0x00000000a3400000| Untracked 
|  52|0x00000000a3400000, 0x00000000a3500000, 0x00000000a3500000|100%| O|  |TAMS 0x00000000a3500000, 0x00000000a3500000| Untracked 
|  53|0x00000000a3500000, 0x00000000a3600000, 0x00000000a3600000|100%| O|  |TAMS 0x00000000a3600000, 0x00000000a3600000| Untracked 
|  54|0x00000000a3600000, 0x00000000a3700000, 0x00000000a3700000|100%| O|  |TAMS 0x00000000a3700000, 0x00000000a3700000| Untracked 
|  55|0x00000000a3700000, 0x00000000a3800000, 0x00000000a3800000|100%| O|  |TAMS 0x00000000a3800000, 0x00000000a3800000| Untracked 
|  56|0x00000000a3800000, 0x00000000a3900000, 0x00000000a3900000|100%| O|  |TAMS 0x00000000a3900000, 0x00000000a3900000| Untracked 
|  57|0x00000000a3900000, 0x00000000a3a00000, 0x00000000a3a00000|100%| O|  |TAMS 0x00000000a3a00000, 0x00000000a3a00000| Untracked 
|  58|0x00000000a3a00000, 0x00000000a3b00000, 0x00000000a3b00000|100%| O|  |TAMS 0x00000000a3a98c00, 0x00000000a3b00000| Untracked 
|  59|0x00000000a3b00000, 0x00000000a3c00000, 0x00000000a3c00000|100%| O|  |TAMS 0x00000000a3c00000, 0x00000000a3c00000| Untracked 
|  60|0x00000000a3c00000, 0x00000000a3d00000, 0x00000000a3d00000|100%| O|  |TAMS 0x00000000a3c00000, 0x00000000a3d00000| Untracked 
|  61|0x00000000a3d00000, 0x00000000a3da3000, 0x00000000a3e00000| 63%| O|  |TAMS 0x00000000a3d00000, 0x00000000a3da3000| Untracked 
|  62|0x00000000a3e00000, 0x00000000a3e00000, 0x00000000a3f00000|  0%| F|  |TAMS 0x00000000a3e00000, 0x00000000a3e00000| Untracked 
|  63|0x00000000a3f00000, 0x00000000a3f00000, 0x00000000a4000000|  0%| F|  |TAMS 0x00000000a3f00000, 0x00000000a3f00000| Untracked 
|  64|0x00000000a4000000, 0x00000000a4000000, 0x00000000a4100000|  0%| F|  |TAMS 0x00000000a4000000, 0x00000000a4000000| Untracked 
|  65|0x00000000a4100000, 0x00000000a4100000, 0x00000000a4200000|  0%| F|  |TAMS 0x00000000a4100000, 0x00000000a4100000| Untracked 
|  66|0x00000000a4200000, 0x00000000a4200000, 0x00000000a4300000|  0%| F|  |TAMS 0x00000000a4200000, 0x00000000a4200000| Untracked 
|  67|0x00000000a4300000, 0x00000000a4300000, 0x00000000a4400000|  0%| F|  |TAMS 0x00000000a4300000, 0x00000000a4300000| Untracked 
|  68|0x00000000a4400000, 0x00000000a4400000, 0x00000000a4500000|  0%| F|  |TAMS 0x00000000a4400000, 0x00000000a4400000| Untracked 
|  69|0x00000000a4500000, 0x00000000a4500000, 0x00000000a4600000|  0%| F|  |TAMS 0x00000000a4500000, 0x00000000a4500000| Untracked 
|  70|0x00000000a4600000, 0x00000000a4600000, 0x00000000a4700000|  0%| F|  |TAMS 0x00000000a4600000, 0x00000000a4600000| Untracked 
|  71|0x00000000a4700000, 0x00000000a4700000, 0x00000000a4800000|  0%| F|  |TAMS 0x00000000a4700000, 0x00000000a4700000| Untracked 
|  72|0x00000000a4800000, 0x00000000a4800000, 0x00000000a4900000|  0%| F|  |TAMS 0x00000000a4800000, 0x00000000a4800000| Untracked 
|  73|0x00000000a4900000, 0x00000000a4900000, 0x00000000a4a00000|  0%| F|  |TAMS 0x00000000a4900000, 0x00000000a4900000| Untracked 
|  74|0x00000000a4a00000, 0x00000000a4a00000, 0x00000000a4b00000|  0%| F|  |TAMS 0x00000000a4a00000, 0x00000000a4a00000| Untracked 
|  75|0x00000000a4b00000, 0x00000000a4b00000, 0x00000000a4c00000|  0%| F|  |TAMS 0x00000000a4b00000, 0x00000000a4b00000| Untracked 
|  76|0x00000000a4c00000, 0x00000000a4c00000, 0x00000000a4d00000|  0%| F|  |TAMS 0x00000000a4c00000, 0x00000000a4c00000| Untracked 
|  77|0x00000000a4d00000, 0x00000000a4d00000, 0x00000000a4e00000|  0%| F|  |TAMS 0x00000000a4d00000, 0x00000000a4d00000| Untracked 
|  78|0x00000000a4e00000, 0x00000000a4eb0fa0, 0x00000000a4f00000| 69%| S|CS|TAMS 0x00000000a4e00000, 0x00000000a4e00000| Complete 
|  79|0x00000000a4f00000, 0x00000000a5000000, 0x00000000a5000000|100%| S|CS|TAMS 0x00000000a4f00000, 0x00000000a4f00000| Complete 
|  80|0x00000000a5000000, 0x00000000a5000000, 0x00000000a5100000|  0%| F|  |TAMS 0x00000000a5000000, 0x00000000a5000000| Untracked 
|  81|0x00000000a5100000, 0x00000000a5100000, 0x00000000a5200000|  0%| F|  |TAMS 0x00000000a5100000, 0x00000000a5100000| Untracked 
|  82|0x00000000a5200000, 0x00000000a5200000, 0x00000000a5300000|  0%| F|  |TAMS 0x00000000a5200000, 0x00000000a5200000| Untracked 
|  83|0x00000000a5300000, 0x00000000a5300000, 0x00000000a5400000|  0%| F|  |TAMS 0x00000000a5300000, 0x00000000a5300000| Untracked 
|  84|0x00000000a5400000, 0x00000000a5400000, 0x00000000a5500000|  0%| F|  |TAMS 0x00000000a5400000, 0x00000000a5400000| Untracked 
|  85|0x00000000a5500000, 0x00000000a5500000, 0x00000000a5600000|  0%| F|  |TAMS 0x00000000a5500000, 0x00000000a5500000| Untracked 
|  86|0x00000000a5600000, 0x00000000a5600000, 0x00000000a5700000|  0%| F|  |TAMS 0x00000000a5600000, 0x00000000a5600000| Untracked 
|  87|0x00000000a5700000, 0x00000000a5700000, 0x00000000a5800000|  0%| F|  |TAMS 0x00000000a5700000, 0x00000000a5700000| Untracked 
|  88|0x00000000a5800000, 0x00000000a5800000, 0x00000000a5900000|  0%| F|  |TAMS 0x00000000a5800000, 0x00000000a5800000| Untracked 
|  89|0x00000000a5900000, 0x00000000a5900000, 0x00000000a5a00000|  0%| F|  |TAMS 0x00000000a5900000, 0x00000000a5900000| Untracked 
|  90|0x00000000a5a00000, 0x00000000a5a00000, 0x00000000a5b00000|  0%| F|  |TAMS 0x00000000a5a00000, 0x00000000a5a00000| Untracked 
|  91|0x00000000a5b00000, 0x00000000a5b00000, 0x00000000a5c00000|  0%| F|  |TAMS 0x00000000a5b00000, 0x00000000a5b00000| Untracked 
|  92|0x00000000a5c00000, 0x00000000a5c00000, 0x00000000a5d00000|  0%| F|  |TAMS 0x00000000a5c00000, 0x00000000a5c00000| Untracked 

Card table byte_map: [0x000001804de80000,0x000001804e180000] _byte_map_base: 0x000001804d980000

Marking Bits (Prev, Next): (CMBitMap*) 0x00000180361bd938, (CMBitMap*) 0x00000180361bd970
 Prev Bits: [0x000001804e480000, 0x000001804fc80000)
 Next Bits: [0x000001804fc80000, 0x0000018051480000)

Polling page: 0x0000018036280000

Metaspace:

Usage:
  Non-class:     58.58 MB capacity,    57.52 MB ( 98%) used,   946.51 KB (  2%) free+waste,   138.13 KB ( <1%) overhead. 
      Class:      8.84 MB capacity,     8.34 MB ( 94%) used,   455.52 KB (  5%) free+waste,    64.75 KB ( <1%) overhead. 
       Both:     67.43 MB capacity,    65.86 MB ( 98%) used,     1.37 MB (  2%) free+waste,   202.88 KB ( <1%) overhead. 

Virtual space:
  Non-class space:       60.00 MB reserved,      58.67 MB ( 98%) committed 
      Class space:        1.00 GB reserved,       8.88 MB ( <1%) committed 
             Both:        1.06 GB reserved,      67.55 MB (  6%) committed 

Chunk freelists:
   Non-Class:  3.25 KB
       Class:  0 bytes
        Both:  3.25 KB

CodeHeap 'non-profiled nmethods': size=120064Kb used=4056Kb max_used=4056Kb free=116007Kb
 bounds [0x0000018046010000, 0x0000018046410000, 0x000001804d550000]
CodeHeap 'profiled nmethods': size=120000Kb used=14637Kb max_used=14637Kb free=105362Kb
 bounds [0x000001803eae0000, 0x000001803f930000, 0x0000018046010000]
CodeHeap 'non-nmethods': size=5696Kb used=2277Kb max_used=2325Kb free=3418Kb
 bounds [0x000001803e550000, 0x000001803e7c0000, 0x000001803eae0000]
 total_blobs=9162 nmethods=6311 adapters=776
 compilation: enabled
              stopped_count=0, restarted_count=0
 full_count=0

Compilation events (10 events):
Event: 215.548 Thread 0x00000180542c8000 nmethod 6547 0x000001803f920110 code [0x000001803f9202c0, 0x000001803f920418]
Event: 215.549 Thread 0x00000180542c8000 6548       1       org.gradle.internal.Cast::uncheckedNonnullCast (2 bytes)
Event: 215.550 Thread 0x00000180542c8000 nmethod 6548 0x0000018046402210 code [0x00000180464023c0, 0x00000180464024b8]
Event: 215.550 Thread 0x00000180542c8000 6549       3       java.lang.invoke.LambdaFormEditor::bindArgumentType (101 bytes)
Event: 215.551 Thread 0x00000180542c8000 nmethod 6549 0x000001803f920490 code [0x000001803f920660, 0x000001803f9208d0]
Event: 215.551 Thread 0x00000180542c8000 6550       3       java.lang.invoke.LambdaFormEditor::bindArgumentForm (269 bytes)
Event: 215.555 Thread 0x00000180542c8000 nmethod 6550 0x000001803f920a10 code [0x000001803f920de0, 0x000001803f9226f0]
Event: 215.563 Thread 0x00000180542c8000 6551   !   3       java.lang.invoke.MethodHandles$Lookup::canBeCached (150 bytes)
Event: 215.568 Thread 0x00000180542c8000 nmethod 6551 0x000001803f923190 code [0x000001803f9235c0, 0x000001803f925710]
Event: 215.569 Thread 0x000001805bbab800 6483       4       java.lang.Thread::interrupted (8 bytes)

GC Heap History (10 events):
Event: 210.908 GC heap before
{Heap before GC invocations=65 (full 0):
 garbage-first heap   total 95232K, used 70920K [0x00000000a0000000, 0x0000000100000000)
  region size 1024K, 12 young (12288K), 1 survivors (1024K)
 Metaspace       used 60398K, capacity 61767K, committed 62000K, reserved 1103872K
  class space    used 7609K, capacity 8053K, committed 8064K, reserved 1048576K
}
Event: 210.915 GC heap after
{Heap after GC invocations=66 (full 0):
 garbage-first heap   total 95232K, used 60265K [0x00000000a0000000, 0x0000000100000000)
  region size 1024K, 2 young (2048K), 2 survivors (2048K)
 Metaspace       used 60398K, capacity 61767K, committed 62000K, reserved 1103872K
  class space    used 7609K, capacity 8053K, committed 8064K, reserved 1048576K
}
Event: 211.609 GC heap before
{Heap before GC invocations=66 (full 0):
 garbage-first heap   total 95232K, used 70505K [0x00000000a0000000, 0x0000000100000000)
  region size 1024K, 13 young (13312K), 2 survivors (2048K)
 Metaspace       used 61528K, capacity 62943K, committed 63152K, reserved 1103872K
  class space    used 7755K, capacity 8185K, committed 8192K, reserved 1048576K
}
Event: 211.619 GC heap after
{Heap after GC invocations=67 (full 0):
 garbage-first heap   total 95232K, used 61255K [0x00000000a0000000, 0x0000000100000000)
  region size 1024K, 2 young (2048K), 2 survivors (2048K)
 Metaspace       used 61528K, capacity 62943K, committed 63152K, reserved 1103872K
  class space    used 7755K, capacity 8185K, committed 8192K, reserved 1048576K
}
Event: 213.185 GC heap before
{Heap before GC invocations=68 (full 0):
 garbage-first heap   total 95232K, used 73543K [0x00000000a0000000, 0x0000000100000000)
  region size 1024K, 14 young (14336K), 2 survivors (2048K)
 Metaspace       used 62892K, capacity 64310K, committed 64432K, reserved 1105920K
  class space    used 7908K, capacity 8365K, committed 8448K, reserved 1048576K
}
Event: 213.192 GC heap after
{Heap after GC invocations=69 (full 0):
 garbage-first heap   total 95232K, used 61613K [0x00000000a0000000, 0x0000000100000000)
  region size 1024K, 2 young (2048K), 2 survivors (2048K)
 Metaspace       used 62892K, capacity 64310K, committed 64432K, reserved 1105920K
  class space    used 7908K, capacity 8365K, committed 8448K, reserved 1048576K
}
Event: 214.235 GC heap before
{Heap before GC invocations=69 (full 0):
 garbage-first heap   total 95232K, used 73901K [0x00000000a0000000, 0x0000000100000000)
  region size 1024K, 14 young (14336K), 2 survivors (2048K)
 Metaspace       used 64880K, capacity 66448K, committed 66736K, reserved 1107968K
  class space    used 8135K, capacity 8611K, committed 8704K, reserved 1048576K
}
Event: 214.243 GC heap after
{Heap after GC invocations=70 (full 0):
 garbage-first heap   total 95232K, used 63075K [0x00000000a0000000, 0x0000000100000000)
  region size 1024K, 2 young (2048K), 2 survivors (2048K)
 Metaspace       used 64880K, capacity 66448K, committed 66736K, reserved 1107968K
  class space    used 8135K, capacity 8611K, committed 8704K, reserved 1048576K
}
Event: 214.942 GC heap before
{Heap before GC invocations=71 (full 0):
 garbage-first heap   total 95232K, used 75363K [0x00000000a0000000, 0x0000000100000000)
  region size 1024K, 14 young (14336K), 2 survivors (2048K)
 Metaspace       used 65408K, capacity 66896K, committed 67120K, reserved 1107968K
  class space    used 8215K, capacity 8717K, committed 8832K, reserved 1048576K
}
Event: 214.951 GC heap after
{Heap after GC invocations=72 (full 0):
 garbage-first heap   total 95232K, used 64140K [0x00000000a0000000, 0x0000000100000000)
  region size 1024K, 1 young (1024K), 1 survivors (1024K)
 Metaspace       used 65408K, capacity 66896K, committed 67120K, reserved 1107968K
  class space    used 8215K, capacity 8717K, committed 8832K, reserved 1048576K
}

Deoptimization events (10 events):
Event: 212.302 Thread 0x000001805613c000 Uncommon trap: reason=unstable_if action=reinterpret pc=0x0000018046059418 method=java.lang.String.substring(II)Ljava/lang/String; @ 31 c2
Event: 212.747 Thread 0x000001805613c000 Uncommon trap: reason=unstable_if action=reinterpret pc=0x0000018046344cbc method=org.gradle.internal.reflect.PropertyAccessorType.of(Ljava/lang/reflect/Method;)Lorg/gradle/internal/reflect/PropertyAccessorType; @ 56 c2
Event: 213.810 Thread 0x000001805613c000 Uncommon trap: reason=unstable_if action=reinterpret pc=0x000001804638b324 method=org.gradle.internal.instantiation.generator.AbstractClassGenerator$InjectionAnnotationValidator.validateMethod(Ljava/lang/reflect/Method;Lorg/gradle/internal/reflect/Propert
Event: 213.810 Thread 0x000001805613c000 Uncommon trap: reason=unstable_if action=reinterpret pc=0x000001804638be1c method=org.gradle.internal.instantiation.generator.AbstractClassGenerator$InjectionAnnotationValidator.validateMethod(Ljava/lang/reflect/Method;Lorg/gradle/internal/reflect/Propert
Event: 213.830 Thread 0x000001805613c000 Uncommon trap: reason=speculate_class_check action=maybe_recompile pc=0x000001804639ea24 method=jdk.internal.loader.Resource.getBytes()[B @ 10 c2
Event: 213.994 Thread 0x000001805613c000 Uncommon trap: reason=unstable_if action=reinterpret pc=0x000001804625ad90 method=java.util.StringJoiner.add(Ljava/lang/CharSequence;)Ljava/util/StringJoiner; @ 33 c2
Event: 214.058 Thread 0x000001805613c000 Uncommon trap: reason=speculate_class_check action=maybe_recompile pc=0x000001804639ea24 method=jdk.internal.loader.Resource.getBytes()[B @ 10 c2
Event: 214.059 Thread 0x000001805613c000 Uncommon trap: reason=class_check action=make_not_entrant pc=0x00000180463ea3ec method=java.util.ArrayList.toArray([Ljava/lang/Object;)[Ljava/lang/Object; @ 21 c2
Event: 214.202 Thread 0x000001805613c000 Uncommon trap: reason=speculate_class_check action=maybe_recompile pc=0x000001804639ea24 method=jdk.internal.loader.Resource.getBytes()[B @ 10 c2
Event: 214.210 Thread 0x000001805613c000 Uncommon trap: reason=speculate_class_check action=maybe_recompile pc=0x000001804639ea24 method=jdk.internal.loader.Resource.getBytes()[B @ 10 c2

Classes redefined (0 events):
No events

Internal exceptions (10 events):
Event: 214.839 Thread 0x000001805613c000 Exception <a 'java/lang/NoSuchMethodError'{0x00000000a5222878}: java.lang.invoke.Invokers$Holder.linkToTargetMethod(Ljava/lang/Object;Ljava/lang/Object;IILjava/lang/Object;)Ljava/lang/Object;> (0x00000000a5222878) thrown at [t:/workspace/open/src/hotspot/
Event: 214.874 Thread 0x000001805613c000 Exception <a 'java/lang/NoSuchMethodError'{0x00000000a52d24f0}: java.lang.invoke.DirectMethodHandle$Holder.invokeStatic(Ljava/lang/Object;Ljava/lang/Object;Ljava/lang/Object;Ljava/lang/Object;Ljava/lang/Object;Ljava/lang/Object;Ljava/lang/Object;)V> (0x00
Event: 214.887 Thread 0x000001805613c000 Exception <a 'java/lang/NoSuchMethodError'{0x00000000a51270e8}: java.lang.invoke.DirectMethodHandle$Holder.invokeSpecial(Ljava/lang/Object;Ljava/lang/Object;ILjava/lang/Object;)V> (0x00000000a51270e8) thrown at [t:/workspace/open/src/hotspot/share/interpr
Event: 214.889 Thread 0x000001805613c000 Exception <a 'java/lang/NoSuchMethodError'{0x00000000a512e2f0}: java.lang.invoke.Invokers$Holder.linkToTargetMethod(Ljava/lang/Object;ILjava/lang/Object;)Ljava/lang/Object;> (0x00000000a512e2f0) thrown at [t:/workspace/open/src/hotspot/share/interpreter/l
Event: 214.903 Thread 0x000001805613c000 Exception <a 'java/lang/NoSuchMethodError'{0x00000000a5171d80}: java.lang.invoke.DirectMethodHandle$Holder.invokeStatic(Ljava/lang/Object;ILjava/lang/Object;)V> (0x00000000a5171d80) thrown at [t:/workspace/open/src/hotspot/share/interpreter/linkResolver.c
Event: 215.182 Thread 0x000001805613c000 Exception <a 'java/lang/ClassNotFoundException'{0x00000000a595bd90}: org/gradle/api/plugins/internal/DefaultBasePluginConventionBeanInfo> (0x00000000a595bd90) thrown at [t:/workspace/open/src/hotspot/share/classfile/systemDictionary.cpp, line 231]
Event: 215.184 Thread 0x000001805613c000 Exception <a 'java/lang/ClassNotFoundException'{0x00000000a5975d38}: org/gradle/api/plugins/BasePluginConventionBeanInfo> (0x00000000a5975d38) thrown at [t:/workspace/open/src/hotspot/share/classfile/systemDictionary.cpp, line 231]
Event: 215.186 Thread 0x000001805613c000 Exception <a 'java/lang/ClassNotFoundException'{0x00000000a598f488}: org/gradle/api/plugins/BasePluginConventionCustomizer> (0x00000000a598f488) thrown at [t:/workspace/open/src/hotspot/share/classfile/systemDictionary.cpp, line 231]
Event: 215.188 Thread 0x000001805613c000 Exception <a 'java/lang/ClassNotFoundException'{0x00000000a59b9e88}: org/gradle/api/plugins/internal/DefaultBasePluginConventionCustomizer> (0x00000000a59b9e88) thrown at [t:/workspace/open/src/hotspot/share/classfile/systemDictionary.cpp, line 231]
Event: 215.236 Thread 0x000001805613c000 Exception <a 'java/lang/NoSuchMethodError'{0x00000000a58243f8}: java.lang.invoke.DirectMethodHandle$Holder.invokeVirtual(Ljava/lang/Object;Ljava/lang/Object;)I> (0x00000000a58243f8) thrown at [t:/workspace/open/src/hotspot/share/interpreter/linkResolver.c

Events (10 events):
Event: 215.561 loading class com/android/build/gradle/internal/variant/BaseVariantData done
Event: 215.562 loading class org/gradle/api/Task
Event: 215.562 loading class org/gradle/api/Task done
Event: 215.563 loading class org/gradle/api/Action
Event: 215.563 loading class org/gradle/api/Action done
Event: 215.565 loading class com/android/build/gradle/internal/tasks/factory/TaskFactoryUtils$dependsOn$1$1$1
Event: 215.565 loading class com/android/build/gradle/internal/tasks/factory/TaskFactoryUtils$dependsOn$1$1$1 done
Event: 215.567 loading class com/android/build/gradle/tasks/ExtractDeepLinksTask
Event: 215.567 loading class com/android/build/gradle/tasks/ExtractDeepLinksTask done
Event: 215.569 Thread 0x000001805bbab800 Thread added: 0x000001805bbab800


Dynamic libraries:
0x00007ff7c8480000 - 0x00007ff7c84c7000 	C:\Program Files\Java\jdk-11.0.6\bin\java.exe
0x00007fff35a10000 - 0x00007fff35bd1000 	C:\Windows\SYSTEM32\ntdll.dll
0x00007fff34530000 - 0x00007fff345dd000 	C:\Windows\system32\KERNEL32.DLL
0x00007fff32ad0000 - 0x00007fff32cb8000 	C:\Windows\system32\KERNELBASE.dll
0x00007fff34ad0000 - 0x00007fff34b77000 	C:\Windows\system32\ADVAPI32.dll
0x00007fff32ec0000 - 0x00007fff32f5d000 	C:\Windows\system32\msvcrt.dll
0x00007fff32f70000 - 0x00007fff32fcb000 	C:\Windows\system32\sechost.dll
0x00007fff35140000 - 0x00007fff3525c000 	C:\Windows\system32\RPCRT4.dll
0x00007fff35600000 - 0x00007fff35756000 	C:\Windows\system32\USER32.dll
0x00007fff34fb0000 - 0x00007fff35136000 	C:\Windows\system32\GDI32.dll
0x00007fff25650000 - 0x00007fff258c4000 	C:\Windows\WinSxS\amd64_microsoft.windows.common-controls_6595b64144ccf1df_6.0.10586.0_none_8c15ae12515e1c22\COMCTL32.dll
0x00007fff35260000 - 0x00007fff354dd000 	C:\Windows\system32\combase.dll
0x00007fff32410000 - 0x00007fff3247a000 	C:\Windows\system32\bcryptPrimitives.dll
0x00007fff25c60000 - 0x00007fff25c6a000 	C:\Windows\SYSTEM32\VERSION.dll
0x00007fff359d0000 - 0x00007fff35a0b000 	C:\Windows\system32\IMM32.DLL
0x00007fff22600000 - 0x00007fff22616000 	C:\Program Files\Java\jdk-11.0.6\bin\vcruntime140.dll
0x00007fff311d0000 - 0x00007fff312c4000 	C:\Windows\SYSTEM32\ucrtbase.dll
0x00007fff1dd30000 - 0x00007fff1ddda000 	C:\Program Files\Java\jdk-11.0.6\bin\msvcp140.dll
0x00007fff14f00000 - 0x00007fff15a29000 	C:\Program Files\Java\jdk-11.0.6\bin\server\jvm.dll
0x00007fff348e0000 - 0x00007fff348e8000 	C:\Windows\system32\PSAPI.DLL
0x00007fff2faf0000 - 0x00007fff2faf9000 	C:\Windows\SYSTEM32\WSOCK32.dll
0x00007fff35900000 - 0x00007fff3596b000 	C:\Windows\system32\WS2_32.dll
0x00007fff30650000 - 0x00007fff30673000 	C:\Windows\SYSTEM32\WINMM.dll
0x00007fff305f0000 - 0x00007fff3061c000 	C:\Windows\SYSTEM32\WINMMBASE.dll
0x00007fff32170000 - 0x00007fff321b3000 	C:\Windows\system32\cfgmgr32.dll
0x00007fff32080000 - 0x00007fff3208f000 	C:\Windows\system32\kernel.appcore.dll
0x00007fff22510000 - 0x00007fff22521000 	C:\Program Files\Java\jdk-11.0.6\bin\verify.dll
0x00007fff1cea0000 - 0x00007fff1d02c000 	C:\Windows\SYSTEM32\DBGHELP.DLL
0x00007fff20a40000 - 0x00007fff20a65000 	C:\Windows\SYSTEM32\dbgcore.DLL
0x00007fff20990000 - 0x00007fff209b9000 	C:\Program Files\Java\jdk-11.0.6\bin\java.dll
0x00007fff211b0000 - 0x00007fff211c6000 	C:\Program Files\Java\jdk-11.0.6\bin\zip.dll
0x00007fff259a0000 - 0x00007fff259aa000 	C:\Program Files\Java\jdk-11.0.6\bin\jimage.dll
0x00007fff32fd0000 - 0x00007fff3452f000 	C:\Windows\system32\SHELL32.dll
0x00007fff32480000 - 0x00007fff32ac4000 	C:\Windows\system32\windows.storage.dll
0x00007fff35760000 - 0x00007fff357b2000 	C:\Windows\system32\shlwapi.dll
0x00007fff32d50000 - 0x00007fff32e05000 	C:\Windows\system32\shcore.dll
0x00007fff32030000 - 0x00007fff3207b000 	C:\Windows\system32\powrprof.dll
0x00007fff32090000 - 0x00007fff320a4000 	C:\Windows\system32\profapi.dll
0x00007fff20970000 - 0x00007fff20989000 	C:\Program Files\Java\jdk-11.0.6\bin\net.dll
0x00007fff27310000 - 0x00007fff273d8000 	C:\Windows\SYSTEM32\WINHTTP.dll
0x00007fff31900000 - 0x00007fff3195c000 	C:\Windows\system32\mswsock.dll
0x00007fff20840000 - 0x00007fff20853000 	C:\Program Files\Java\jdk-11.0.6\bin\nio.dll
0x00007fff20a70000 - 0x00007fff20a96000 	C:\Users\Liberman Anton\.gradle\native\31\windows-amd64\native-platform.dll
0x00007fff227b0000 - 0x00007fff227b9000 	C:\Program Files\Java\jdk-11.0.6\bin\management.dll
0x00007fff22500000 - 0x00007fff2250c000 	C:\Program Files\Java\jdk-11.0.6\bin\management_ext.dll
0x00007fff319b0000 - 0x00007fff319c7000 	C:\Windows\SYSTEM32\CRYPTSP.dll
0x00007fff31640000 - 0x00007fff31674000 	C:\Windows\system32\rsaenh.dll
0x00007fff31f60000 - 0x00007fff31f89000 	C:\Windows\SYSTEM32\bcrypt.dll
0x00007fff31790000 - 0x00007fff317af000 	C:\Windows\SYSTEM32\USERENV.dll
0x00007fff31ad0000 - 0x00007fff31adb000 	C:\Windows\SYSTEM32\CRYPTBASE.dll
0x00007fff2ea90000 - 0x00007fff2eac8000 	C:\Windows\SYSTEM32\IPHLPAPI.DLL
0x00007fff354e0000 - 0x00007fff354e8000 	C:\Windows\system32\NSI.dll
0x00007fff2e7d0000 - 0x00007fff2e7e6000 	C:\Windows\SYSTEM32\dhcpcsvc6.DLL
0x00007fff2e7b0000 - 0x00007fff2e7ca000 	C:\Windows\SYSTEM32\dhcpcsvc.DLL
0x00007fff1ed30000 - 0x00007fff1ed57000 	C:\Program Files\Java\jdk-11.0.6\bin\sunec.dll
0x00007fff309b0000 - 0x00007fff30a5a000 	C:\Windows\SYSTEM32\DNSAPI.dll
0x000000006ec60000 - 0x000000006ec86000 	C:\Program Files\Bonjour\mdnsNSP.dll
0x00007fff236d0000 - 0x00007fff236da000 	C:\Windows\System32\rasadhlp.dll
0x00007fff2e800000 - 0x00007fff2e867000 	C:\Windows\System32\fwpuclnt.dll
0x00007fff224c0000 - 0x00007fff224cd000 	C:\Program Files\Java\jdk-11.0.6\bin\sunmscapi.dll
0x00007fff321c0000 - 0x00007fff32387000 	C:\Windows\system32\CRYPT32.dll
0x00007fff320b0000 - 0x00007fff320c0000 	C:\Windows\system32\MSASN1.dll
0x00007fff31ba0000 - 0x00007fff31bc7000 	C:\Windows\SYSTEM32\ncrypt.dll
0x00007fff31b60000 - 0x00007fff31b9a000 	C:\Windows\SYSTEM32\NTASN1.dll

dbghelp: loaded successfully - version: 4.0.5 - missing functions: none
symbol engine: initialized successfully - sym options: 0x614 - pdb path: .;C:\Program Files\Java\jdk-11.0.6\bin;C:\Windows\SYSTEM32;C:\Windows\WinSxS\amd64_microsoft.windows.common-controls_6595b64144ccf1df_6.0.10586.0_none_8c15ae12515e1c22;C:\Program Files\Java\jdk-11.0.6\bin\server;C:\Users\Liberman Anton\.gradle\native\31\windows-amd64;C:\Program Files\Bonjour

VM Arguments:
jvm_args: --add-opens=java.base/java.util=ALL-UNNAMED --add-opens=java.base/java.lang=ALL-UNNAMED --add-opens=java.base/java.lang.invoke=ALL-UNNAMED --add-opens=java.prefs/java.util.prefs=ALL-UNNAMED -Xmx1536m -Dfile.encoding=windows-1251 -Duser.country=RU -Duser.language=ru -Duser.variant 
java_command: org.gradle.launcher.daemon.bootstrap.GradleDaemon 6.1-rc-1
java_class_path (initial): C:\Users\Liberman Anton\.gradle\wrapper\dists\gradle-6.1-rc-1-all\2aeqb4no7j31slx5jbpydz8zu\gradle-6.1-rc-1\lib\gradle-launcher-6.1.jar
Launcher Type: SUN_STANDARD

[Global flags]
     intx CICompilerCount                          = 3                                         {product} {ergonomic}
     uint ConcGCThreads                            = 1                                         {product} {ergonomic}
     uint G1ConcRefinementThreads                  = 4                                         {product} {ergonomic}
   size_t G1HeapRegionSize                         = 1048576                                   {product} {ergonomic}
    uintx GCDrainStackTargetSize                   = 64                                        {product} {ergonomic}
   size_t InitialHeapSize                          = 67108864                                  {product} {ergonomic}
   size_t MarkStackSize                            = 4194304                                   {product} {ergonomic}
   size_t MaxHeapSize                              = 1610612736                                {product} {command line}
   size_t MaxNewSize                               = 965738496                                 {product} {ergonomic}
   size_t MinHeapDeltaBytes                        = 1048576                                   {product} {ergonomic}
    uintx NonNMethodCodeHeapSize                   = 5830732                                {pd product} {ergonomic}
    uintx NonProfiledCodeHeapSize                  = 122913754                              {pd product} {ergonomic}
    uintx ProfiledCodeHeapSize                     = 122913754                              {pd product} {ergonomic}
    uintx ReservedCodeCacheSize                    = 251658240                              {pd product} {ergonomic}
     bool SegmentedCodeCache                       = true                                      {product} {ergonomic}
     bool UseCompressedClassPointers               = true                                 {lp64_product} {ergonomic}
     bool UseCompressedOops                        = true                                 {lp64_product} {ergonomic}
     bool UseG1GC                                  = true                                      {product} {ergonomic}
     bool UseLargePagesIndividualAllocation        = false                                  {pd product} {ergonomic}

Logging:
Log output configuration:
 #0: stdout all=warning uptime,level,tags
 #1: stderr all=off uptime,level,tags

Environment Variables:
PATH=C:\Program Files (x86)\Common Files\Oracle\Java\javapath;C:\ProgramData\Oracle\Java\javapath;C:\Program Files (x86)\Intel\iCLS Client\;C:\Program Files\Intel\iCLS Client\;C:\Windows\system32;C:\Windows;C:\Windows\System32\Wbem;C:\Windows\System32\WindowsPowerShell\v1.0\;C:\Program Files\Intel\Intel(R) Management Engine Components\DAL;C:\Program Files (x86)\Intel\Intel(R) Management Engine Components\DAL;C:\Program Files\Intel\Intel(R) Management Engine Components\IPT;C:\Program Files (x86)\Intel\Intel(R) Management Engine Components\IPT;C:\Program Files\Git\cmd
USERNAME=Liberman Anton
OS=Windows_NT
PROCESSOR_IDENTIFIER=Intel64 Family 6 Model 69 Stepping 1, GenuineIntel



---------------  S Y S T E M  ---------------

OS: Windows 10 , 64 bit Build 10586 (10.0.10586.0)

CPU:total 4 (initial active 4) (2 cores per cpu, 2 threads per core) family 6 model 69 stepping 1, cmov, cx8, fxsr, mmx, sse, sse2, sse3, ssse3, sse4.1, sse4.2, popcnt, avx, avx2, aes, clmul, erms, lzcnt, ht, tsc, tscinvbit, bmi1, bmi2, fma

Memory: 4k page, system-wide physical 4002M (394M free)
TotalPageFile size 4002M (AvailPageFile size 0M)
current process WorkingSet (physical memory assigned to process): 273M, peak: 273M
current process commit charge ("private bytes"): 315M, peak: 334M

vm_info: Java HotSpot(TM) 64-Bit Server VM (11.0.6+8-LTS) for windows-amd64 JRE (11.0.6+8-LTS), built on Dec 11 2019 09:17:57 by "mach5one" with MS VC++ 15.5 (VS2017)

END.
